2022-04-26 18:53:12,367 - [line:298] - DEBUG: 11958850 gdcty.com 出价为：570 实际需付：336.0
2022-04-26 18:53:13,812 - [line:271] - DEBUG: {'code': 1, 'msg': '出价成功！', 'ym': 'gdcty.com', 'ifcr': 0, 'cj': 570}
2022-04-26 19:47:29,838 - [line:298] - DEBUG: 11957968 nxndxf119.com 出价为：694 实际需付：574.6
2022-04-26 19:47:31,357 - [line:276] - DEBUG: {'code': -1, 'msg': '出价失败，请至少出价(728)元哦！', 'ym': 'nxndxf119.com', 'ifcr': 0, 'cj': 694}
2022-04-26 19:47:31,358 - [line:298] - DEBUG: 11960868 richzoo.com 出价为：133 实际需付：94.6
2022-04-26 19:47:32,925 - [line:276] - DEBUG: {'code': -1, 'msg': '出价失败，请至少出价(153)元哦！', 'ym': 'richzoo.com', 'ifcr': 0, 'cj': 133}
2022-04-26 19:54:00,435 - [line:298] - DEBUG: 11960868 richzoo.com 出价为：173 实际需付：110.6
2022-04-26 20:03:44,283 - [line:298] - DEBUG: 11957787 bmsdtrade.com 出价为：630 实际需付：543.0
2022-04-26 20:03:45,610 - [line:291] - DEBUG: {'code': -1, 'msg': '出价失败，当前价格已经更新，请重新出价！', 'ym': 'bmsdtrade.com', 'ifcr': 0, 'cj': 630}
2022-04-26 20:03:46,626 - [line:298] - DEBUG: 11957787 bmsdtrade.com 出价为：630 实际需付：543.0
2022-04-26 20:03:47,899 - [line:276] - DEBUG: {'code': -1, 'msg': '出价失败，请至少出价(661)元哦！', 'ym': 'bmsdtrade.com', 'ifcr': 0, 'cj': 630}
2022-04-26 20:03:48,918 - [line:298] - DEBUG: 11957787 bmsdtrade.com 出价为：661 实际需付：555.4
2022-04-26 20:03:50,245 - [line:271] - DEBUG: {'code': 1, 'msg': '出价成功！', 'ym': 'bmsdtrade.com', 'ifcr': 0, 'cj': 661}
2022-04-26 20:03:53,304 - [line:298] - DEBUG: 11957787 bmsdtrade.com 出价为：661 实际需付：555.4
2022-04-26 20:03:54,503 - [line:276] - DEBUG: {'code': -1, 'msg': '出价失败，请至少出价(694)元哦！', 'ym': 'bmsdtrade.com', 'ifcr': 0, 'cj': 661}
2022-04-26 20:04:18,952 - [line:298] - DEBUG: 11957787 bmsdtrade.com 出价为：728 实际需付：582.2
2022-04-26 20:04:20,287 - [line:271] - DEBUG: {'code': 1, 'msg': '出价成功！', 'ym': 'bmsdtrade.com', 'ifcr': 0, 'cj': 728}
2022-04-26 20:04:23,344 - [line:298] - DEBUG: 11957787 bmsdtrade.com 出价为：728 实际需付：582.2
2022-04-26 20:04:24,605 - [line:276] - DEBUG: {'code': -1, 'msg': '出价失败，请至少出价(764)元哦！', 'ym': 'bmsdtrade.com', 'ifcr': 0, 'cj': 728}
2022-04-26 20:04:33,772 - [line:298] - DEBUG: 11957787 bmsdtrade.com 出价为：802 实际需付：611.8
2022-04-26 20:04:35,112 - [line:271] - DEBUG: {'code': 1, 'msg': '出价成功！', 'ym': 'bmsdtrade.com', 'ifcr': 0, 'cj': 802}
2022-04-26 20:04:56,509 - [line:298] - DEBUG: 11957787 bmsdtrade.com 出价为：884 实际需付：644.6
2022-04-26 20:04:57,823 - [line:271] - DEBUG: {'code': 1, 'msg': '出价成功！', 'ym': 'bmsdtrade.com', 'ifcr': 0, 'cj': 884}
2022-04-26 20:05:20,216 - [line:298] - DEBUG: 11947559 chuLiLed.com 出价为：134 实际需付：104.0
2022-04-26 20:05:21,542 - [line:291] - DEBUG: {'code': -1, 'msg': '出价失败，由于对方设置了代理出价，您的出价自动被超出，请继续出价！', 'ym': 'chuliled.com', 'ifcr': 0, 'cj': 134}
2022-04-26 20:05:22,562 - [line:298] - DEBUG: 11947559 chuLiLed.com 出价为：134 实际需付：104.0
2022-04-26 20:05:23,817 - [line:276] - DEBUG: {'code': -1, 'msg': '出价失败，请至少出价(154)元哦！', 'ym': 'chuliled.com', 'ifcr': 0, 'cj': 134}
2022-04-26 20:05:24,834 - [line:298] - DEBUG: 11947559 chuLiLed.com 出价为：134 实际需付：104.0
2022-04-26 20:05:26,108 - [line:276] - DEBUG: {'code': -1, 'msg': '出价失败，请至少出价(154)元哦！', 'ym': 'chuliled.com', 'ifcr': 0, 'cj': 134}
2022-04-26 20:05:27,118 - [line:298] - DEBUG: 11947559 chuLiLed.com 出价为：155 实际需付：112.4
2022-04-26 20:05:28,500 - [line:291] - DEBUG: {'code': -1, 'msg': '出价失败，由于对方设置了代理出价，您的出价自动被超出，请继续出价！', 'ym': 'chuliled.com', 'ifcr': 0, 'cj': 155}
2022-04-26 20:05:29,509 - [line:298] - DEBUG: 11947559 chuLiLed.com 出价为：155 实际需付：112.4
2022-04-26 20:05:30,793 - [line:276] - DEBUG: {'code': -1, 'msg': '出价失败，请至少出价(175)元哦！', 'ym': 'chuliled.com', 'ifcr': 0, 'cj': 155}
2022-04-26 20:05:31,806 - [line:298] - DEBUG: 11947559 chuLiLed.com 出价为：155 实际需付：112.4
2022-04-26 20:05:33,055 - [line:276] - DEBUG: {'code': -1, 'msg': '出价失败，请至少出价(175)元哦！', 'ym': 'chuliled.com', 'ifcr': 0, 'cj': 155}
2022-04-26 20:05:34,078 - [line:298] - DEBUG: 11947559 chuLiLed.com 出价为：195 实际需付：128.4
2022-04-26 20:05:35,412 - [line:271] - DEBUG: {'code': 1, 'msg': '出价成功！', 'ym': 'chuliled.com', 'ifcr': 0, 'cj': 195}
2022-04-26 20:06:38,500 - [line:298] - DEBUG: 11957787 bmsdtrade.com 出价为：974 实际需付：680.6
2022-04-26 20:06:39,886 - [line:271] - DEBUG: {'code': 1, 'msg': '出价成功！', 'ym': 'bmsdtrade.com', 'ifcr': 0, 'cj': 974}
2022-04-26 20:07:10,450 - [line:298] - DEBUG: 11947559 chuLiLed.com 出价为：235 实际需付：144.4
2022-04-26 20:07:11,769 - [line:271] - DEBUG: {'code': 1, 'msg': '出价成功！', 'ym': 'chuliled.com', 'ifcr': 0, 'cj': 235}
2022-04-26 20:08:39,233 - [line:298] - DEBUG: 11947559 chuLiLed.com 出价为：275 实际需付：160.4
2022-04-26 20:08:40,482 - [line:291] - DEBUG: {'code': -1, 'msg': '出价失败，由于对方设置了代理出价，您的出价自动被超出，请继续出价！', 'ym': 'chuliled.com', 'ifcr': 0, 'cj': 275}
2022-04-26 20:08:41,494 - [line:298] - DEBUG: 11947559 chuLiLed.com 出价为：275 实际需付：160.4
2022-04-26 20:08:42,675 - [line:276] - DEBUG: {'code': -1, 'msg': '出价失败，请至少出价(295)元哦！', 'ym': 'chuliled.com', 'ifcr': 0, 'cj': 275}
2022-04-26 20:08:43,697 - [line:298] - DEBUG: 11947559 chuLiLed.com 出价为：275 实际需付：160.4
2022-04-26 20:08:44,937 - [line:276] - DEBUG: {'code': -1, 'msg': '出价失败，请至少出价(295)元哦！', 'ym': 'chuliled.com', 'ifcr': 0, 'cj': 275}
2022-04-26 20:08:45,955 - [line:298] - DEBUG: 11947559 chuLiLed.com 出价为：315 实际需付：176.4
2022-04-26 20:08:47,251 - [line:291] - DEBUG: {'code': -1, 'msg': '出价失败，由于对方设置了代理出价，您的出价自动被超出，请继续出价！', 'ym': 'chuliled.com', 'ifcr': 0, 'cj': 315}
2022-04-26 20:08:48,273 - [line:298] - DEBUG: 11947559 chuLiLed.com 出价为：315 实际需付：176.4
2022-04-26 20:08:49,567 - [line:276] - DEBUG: {'code': -1, 'msg': '出价失败，请至少出价(335)元哦！', 'ym': 'chuliled.com', 'ifcr': 0, 'cj': 315}
2022-04-26 20:08:50,578 - [line:298] - DEBUG: 11947559 chuLiLed.com 出价为：315 实际需付：176.4
2022-04-26 20:08:51,837 - [line:276] - DEBUG: {'code': -1, 'msg': '出价失败，请至少出价(335)元哦！', 'ym': 'chuliled.com', 'ifcr': 0, 'cj': 315}
2022-04-26 20:08:52,846 - [line:298] - DEBUG: 11947559 chuLiLed.com 出价为：355 实际需付：192.4
2022-04-26 20:08:54,226 - [line:291] - DEBUG: {'code': -1, 'msg': '出价失败，由于对方设置了代理出价，您的出价自动被超出，请继续出价！', 'ym': 'chuliled.com', 'ifcr': 0, 'cj': 355}
2022-04-26 20:08:55,241 - [line:298] - DEBUG: 11947559 chuLiLed.com 出价为：355 实际需付：192.4
2022-04-26 20:08:56,722 - [line:276] - DEBUG: {'code': -1, 'msg': '出价失败，请至少出价(375)元哦！', 'ym': 'chuliled.com', 'ifcr': 0, 'cj': 355}
2022-04-26 20:08:57,733 - [line:298] - DEBUG: 11947559 chuLiLed.com 出价为：355 实际需付：192.4
2022-04-26 20:08:58,954 - [line:276] - DEBUG: {'code': -1, 'msg': '出价失败，请至少出价(375)元哦！', 'ym': 'chuliled.com', 'ifcr': 0, 'cj': 355}
2022-04-26 20:08:59,969 - [line:298] - DEBUG: 11947559 chuLiLed.com 出价为：395 实际需付：208.4
2022-04-26 20:09:01,271 - [line:291] - DEBUG: {'code': -1, 'msg': '出价失败，由于对方设置了代理出价，您的出价自动被超出，请继续出价！', 'ym': 'chuliled.com', 'ifcr': 0, 'cj': 395}
2022-04-26 20:09:02,293 - [line:298] - DEBUG: 11947559 chuLiLed.com 出价为：395 实际需付：208.4
2022-04-26 20:09:03,475 - [line:276] - DEBUG: {'code': -1, 'msg': '出价失败，请至少出价(415)元哦！', 'ym': 'chuliled.com', 'ifcr': 0, 'cj': 395}
2022-04-26 20:09:04,491 - [line:298] - DEBUG: 11947559 chuLiLed.com 出价为：395 实际需付：208.4
2022-04-26 20:09:05,675 - [line:276] - DEBUG: {'code': -1, 'msg': '出价失败，请至少出价(415)元哦！', 'ym': 'chuliled.com', 'ifcr': 0, 'cj': 395}
2022-04-26 20:09:06,683 - [line:298] - DEBUG: 11947559 chuLiLed.com 出价为：435 实际需付：224.4
2022-04-26 20:09:07,937 - [line:291] - DEBUG: {'code': -1, 'msg': '出价失败，由于对方设置了代理出价，您的出价自动被超出，请继续出价！', 'ym': 'chuliled.com', 'ifcr': 0, 'cj': 435}
2022-04-26 20:09:08,959 - [line:298] - DEBUG: 11947559 chuLiLed.com 出价为：435 实际需付：224.4
2022-04-26 20:09:10,165 - [line:276] - DEBUG: {'code': -1, 'msg': '出价失败，请至少出价(456)元哦！', 'ym': 'chuliled.com', 'ifcr': 0, 'cj': 435}
2022-04-26 20:09:11,182 - [line:298] - DEBUG: 11947559 chuLiLed.com 出价为：476 实际需付：240.8
2022-04-26 20:09:12,456 - [line:291] - DEBUG: {'code': -1, 'msg': '出价失败，由于对方设置了代理出价，您的出价自动被超出，请继续出价！', 'ym': 'chuliled.com', 'ifcr': 0, 'cj': 476}
2022-04-26 20:09:13,473 - [line:298] - DEBUG: 11947559 chuLiLed.com 出价为：476 实际需付：240.8
2022-04-26 20:09:14,848 - [line:276] - DEBUG: {'code': -1, 'msg': '出价失败，请至少出价(499)元哦！', 'ym': 'chuliled.com', 'ifcr': 0, 'cj': 476}
2022-04-26 20:09:15,863 - [line:298] - DEBUG: 11947559 chuLiLed.com 出价为：520 实际需付：258.40000000000003
2022-04-26 20:09:17,252 - [line:291] - DEBUG: {'code': -1, 'msg': '出价失败，由于对方设置了代理出价，您的出价自动被超出，请继续出价！', 'ym': 'chuliled.com', 'ifcr': 0, 'cj': 520}
2022-04-26 20:09:18,275 - [line:298] - DEBUG: 11947559 chuLiLed.com 出价为：520 实际需付：258.40000000000003
2022-04-26 20:09:19,516 - [line:276] - DEBUG: {'code': -1, 'msg': '出价失败，请至少出价(546)元哦！', 'ym': 'chuliled.com', 'ifcr': 0, 'cj': 520}
2022-04-26 20:09:20,533 - [line:298] - DEBUG: 11947559 chuLiLed.com 出价为：520 实际需付：258.40000000000003
2022-04-26 20:09:21,723 - [line:276] - DEBUG: {'code': -1, 'msg': '出价失败，请至少出价(546)元哦！', 'ym': 'chuliled.com', 'ifcr': 0, 'cj': 520}
2022-04-26 20:09:22,738 - [line:298] - DEBUG: 11947559 chuLiLed.com 出价为：569 实际需付：278.0
2022-04-26 20:09:23,989 - [line:291] - DEBUG: {'code': -1, 'msg': '出价失败，由于对方设置了代理出价，您的出价自动被超出，请继续出价！', 'ym': 'chuliled.com', 'ifcr': 0, 'cj': 569}
2022-04-26 20:09:25,013 - [line:298] - DEBUG: 11947559 chuLiLed.com 出价为：569 实际需付：278.0
2022-04-26 20:09:26,184 - [line:276] - DEBUG: {'code': -1, 'msg': '出价失败，请至少出价(597)元哦！', 'ym': 'chuliled.com', 'ifcr': 0, 'cj': 569}
2022-04-26 20:09:27,195 - [line:298] - DEBUG: 11947559 chuLiLed.com 出价为：569 实际需付：278.0
2022-04-26 20:09:28,415 - [line:276] - DEBUG: {'code': -1, 'msg': '出价失败，请至少出价(597)元哦！', 'ym': 'chuliled.com', 'ifcr': 0, 'cj': 569}
2022-04-26 20:09:29,433 - [line:298] - DEBUG: 11947559 chuLiLed.com 出价为：623 实际需付：299.6
2022-04-26 20:09:30,888 - [line:271] - DEBUG: {'code': 1, 'msg': '出价成功！', 'ym': 'chuliled.com', 'ifcr': 0, 'cj': 623}
