2021-08-06 14:44:52,887 - [line:259] - DEBUG:  队列剩余94063 此域名为：easy1to1.com 查找到的域名为：,搜狗搜索 - www.sogou.com,搜狗搜索 - baodianshipin.www.sogou.com,搜狗搜索 - www.sogou.com,搜狗搜索 - www.sogou.com,搜狗搜索 - www.sogou.com,搜狗搜索 - www.sogou.com,搜狗搜索 - www.sogou.com,搜狗搜索 - www.sogou.com,搜狗搜索 - www.sogou.com,搜狗搜索 - www.sogou.com, 实际没有收录  已过滤 
2021-08-06 14:44:54,509 - [line:259] - DEBUG:  队列剩余94062 此域名为：yzoxjx.com 查找到的域名为：,搜狗搜索 - www.sogou.com,搜狗搜索 - www.sogou.com,搜狗搜索 - www.sogou.com,搜狗搜索 - www.sogou.com,搜狗搜索 - www.sogou.com,搜狗搜索 - www.sogou.com,搜狗搜索 - www.sogou.com, 实际没有收录  已过滤 
2021-08-06 14:44:57,573 - [line:259] - DEBUG:  队列剩余94061 此域名为：ysxjg.com 查找到的域名为：,搜狗搜索 - www.sogou.com,搜狗搜索 - www.sogou.com,搜狗搜索 - www.sogou.com,搜狗搜索 - www.sogou.com,搜狗搜索 - www.sogou.com,搜狗搜索 - www.sogou.com,搜狗搜索 - baodianshipin.www.sogou.com,搜狗搜索 - www.sogou.com,搜狗搜索 - www.sogou.com, 实际没有收录  已过滤 
2021-08-06 14:44:57,962 - [line:259] - DEBUG:  队列剩余94060 此域名为：jy-au.com 查找到的域名为：,搜狗搜索 - www.sogou.com,搜狗搜索 - www.sogou.com,搜狗搜索 - www.sogou.com,搜狗搜索 - www.sogou.com,搜狗搜索 - www.sogou.com,搜狗搜索 - www.sogou.com,搜狗搜索 - www.sogou.com,搜狗搜索 - www.sogou.com, 实际没有收录  已过滤 
2021-08-06 14:44:58,316 - [line:259] - DEBUG:  队列剩余94059 此域名为：quantkj.com 查找到的域名为：,搜狗搜索 - www.sogou.com,搜狗搜索 - www.sogou.com,搜狗搜索 - www.sogou.com,搜狗搜索 - www.sogou.com,搜狗搜索 - www.sogou.com,搜狗搜索 - www.sogou.com,搜狗搜索 - www.sogou.com,搜狗搜索 - www.sogou.com,搜狗搜索 - www.sogou.com,搜狗搜索 - www.sogou.com, 实际没有收录  已过滤 
2021-08-06 14:44:58,696 - [line:259] - DEBUG:  队列剩余94058 此域名为：hibiga.com 查找到的域名为：,搜狗搜索 - www.sogou.com,搜狗搜索 - www.sogou.com,搜狗搜索 - www.sogou.com,搜狗搜索 - www.sogou.com,搜狗搜索 - www.sogou.com,搜狗搜索 - www.sogou.com,搜狗搜索 - www.sogou.com,搜狗搜索 - www.sogou.com,搜狗搜索 - www.sogou.com, 实际没有收录  已过滤 
2021-08-06 14:44:59,062 - [line:259] - DEBUG:  队列剩余94057 此域名为：sxsytex.com 查找到的域名为：,搜狗搜索 - www.sogou.com,搜狗搜索 - www.sogou.com,搜狗搜索 - www.sogou.com,搜狗搜索 - www.sogou.com,搜狗搜索 - www.sogou.com,搜狗搜索 - www.sogou.com,搜狗搜索 - www.sogou.com,搜狗搜索 - www.sogou.com,搜狗搜索 - www.sogou.com, 实际没有收录  已过滤 
2021-08-06 14:44:59,401 - [line:259] - DEBUG:  队列剩余94056 此域名为：xbjhm.com 查找到的域名为：,搜狗搜索 - www.sogou.com,搜狗搜索 - www.sogou.com,搜狗搜索 - www.sogou.com,搜狗搜索 - www.sogou.com,搜狗搜索 - www.sogou.com,搜狗搜索 - www.sogou.com,搜狗搜索 - www.sogou.com,搜狗搜索 - www.sogou.com,搜狗搜索 - www.sogou.com, 实际没有收录  已过滤 
2021-08-06 14:45:00,034 - [line:259] - DEBUG:  队列剩余94055 此域名为：qdxinxu.com 查找到的域名为：,搜狗搜索 - www.sogou.com,搜狗搜索 - www.sogou.com,搜狗搜索 - www.sogou.com,搜狗搜索 - www.sogou.com,搜狗搜索 - www.sogou.com,搜狗搜索 - www.sogou.com,搜狗搜索 - www.sogou.com,搜狗搜索 - baodianshipin.www.sogou.com,搜狗搜索 - www.sogou.com,搜狗搜索 - www.sogou.com, 实际没有收录  已过滤 
2021-08-06 14:45:00,387 - [line:259] - DEBUG:  队列剩余94054 此域名为：rc-cq.cn 查找到的域名为：,搜狗搜索 - www.sogou.com,搜狗搜索 - www.sogou.com,搜狗搜索 - www.sogou.com,搜狗搜索 - www.sogou.com,搜狗搜索 - www.sogou.com,搜狗搜索 - task.www.sogou.com,搜狗搜索 - www.sogou.com,搜狗搜索 - www.sogou.com,搜狗搜索 - www.sogou.com,搜狗搜索 - www.sogou.com, 实际没有收录  已过滤 
2021-08-06 14:45:00,755 - [line:259] - DEBUG:  队列剩余94053 此域名为：ntanto.cn 查找到的域名为：,搜狗搜索 - www.sogou.com,搜狗搜索 - www.sogou.com,搜狗搜索 - www.sogou.com,搜狗搜索 - www.sogou.com,搜狗搜索 - www.sogou.com,搜狗搜索 - www.sogou.com,搜狗搜索 - www.sogou.com,搜狗搜索 - www.sogou.com,搜狗搜索 - www.sogou.com, 实际没有收录  已过滤 
2021-08-06 14:45:01,173 - [line:259] - DEBUG:  队列剩余94052 此域名为：gzpason.com 查找到的域名为：,搜狗搜索 - www.sogou.com,搜狗搜索 - www.sogou.com,搜狗搜索 - www.sogou.com,搜狗搜索 - www.sogou.com,搜狗搜索 - www.sogou.com,搜狗搜索 - www.sogou.com,搜狗搜索 - www.sogou.com,搜狗搜索 - www.sogou.com, 实际没有收录  已过滤 
2021-08-06 14:45:01,555 - [line:259] - DEBUG:  队列剩余94051 此域名为：Lanhuay.com 查找到的域名为：,搜狗搜索 - www.sogou.com,搜狗搜索 - www.sogou.com,搜狗搜索 - www.sogou.com,搜狗搜索 - www.sogou.com,搜狗搜索 - www.sogou.com,搜狗搜索 - www.sogou.com,搜狗搜索 - www.sogou.com,搜狗搜索 - www.sogou.com, 实际没有收录  已过滤 
2021-08-06 14:45:01,894 - [line:259] - DEBUG:  队列剩余94050 此域名为：baomachine.cn 查找到的域名为：,搜狗搜索 - www.sogou.com,搜狗搜索 - www.sogou.com,搜狗搜索 - www.sogou.com,搜狗搜索 - www.sogou.com,搜狗搜索 - www.sogou.com,搜狗搜索 - www.sogou.com,搜狗搜索 - www.sogou.com,搜狗搜索 - www.sogou.com,搜狗搜索 - www.sogou.com, 实际没有收录  已过滤 
2021-08-06 14:45:02,242 - [line:259] - DEBUG:  队列剩余94049 此域名为：haoyich.com 查找到的域名为：,搜狗搜索 - www.sogou.com,搜狗搜索 - www.sogou.com,搜狗搜索 - www.sogou.com,搜狗搜索 - www.sogou.com,搜狗搜索 - www.sogou.com,搜狗搜索 - www.sogou.com,搜狗搜索 - www.sogou.com,搜狗搜索 - www.sogou.com,搜狗搜索 - www.sogou.com, 实际没有收录  已过滤 
2021-08-06 14:45:02,649 - [line:259] - DEBUG:  队列剩余94048 此域名为：gzhtbs.com 查找到的域名为：,搜狗搜索 - www.sogou.com,搜狗搜索 - www.sogou.com,搜狗搜索 - www.sogou.com,搜狗搜索 - www.sogou.com,搜狗搜索 - www.sogou.com,搜狗搜索 - www.sogou.com,搜狗搜索 - www.sogou.com,搜狗搜索 - www.sogou.com,搜狗搜索 - www.sogou.com, 实际没有收录  已过滤 
2021-08-06 14:45:03,114 - [line:259] - DEBUG:  队列剩余94047 此域名为：schrg.com 查找到的域名为：,搜狗搜索 - www.sogou.com,搜狗搜索 - www.sogou.com,搜狗搜索 - www.sogou.com,搜狗搜索 - task.www.sogou.com,搜狗搜索 - www.sogou.com,搜狗搜索 - www.sogou.com,搜狗搜索 - www.sogou.com,搜狗搜索 - www.sogou.com,搜狗搜索 - www.sogou.com, 实际没有收录  已过滤 
2021-08-06 14:45:03,495 - [line:259] - DEBUG:  队列剩余94046 此域名为：nsdrwxy.cn 查找到的域名为：,搜狗搜索 - www.sogou.com,搜狗搜索 - www.sogou.com,搜狗搜索 - www.sogou.com,搜狗搜索 - www.sogou.com,搜狗搜索 - www.sogou.com,搜狗搜索 - www.sogou.com,搜狗搜索 - www.sogou.com,搜狗搜索 - www.sogou.com,搜狗搜索 - www.sogou.com, 实际没有收录  已过滤 
2021-08-06 14:45:03,906 - [line:259] - DEBUG:  队列剩余94045 此域名为：jsmajn.com 查找到的域名为：,搜狗搜索 - www.sogou.com,搜狗搜索 - www.sogou.com,搜狗搜索 - www.sogou.com,搜狗搜索 - www.sogou.com,搜狗搜索 - www.sogou.com,搜狗搜索 - www.sogou.com,搜狗搜索 - www.sogou.com,搜狗搜索 - www.sogou.com, 实际没有收录  已过滤 
2021-08-06 14:45:04,293 - [line:259] - DEBUG:  队列剩余94044 此域名为：cjddgj.com 查找到的域名为：,搜狗搜索 - www.sogou.com,搜狗搜索 - www.sogou.com,搜狗搜索 - www.sogou.com,搜狗搜索 - www.sogou.com,搜狗搜索 - www.sogou.com,搜狗搜索 - www.sogou.com,搜狗搜索 - www.sogou.com,搜狗搜索 - www.sogou.com,搜狗搜索 - www.sogou.com, 实际没有收录  已过滤 
2021-08-06 14:45:04,411 - [line:216] - DEBUG: 2021-08-06 14:45:04 队列剩余94043 sxcLxcL.com  域名解析完毕 ['搜狗已为您找到约0条相关结果']  已过滤
2021-08-06 14:45:11,461 - [line:259] - DEBUG:  队列剩余94042 此域名为：futonghj.com 查找到的域名为：,搜狗搜索 - www.sogou.com,搜狗搜索 - www.sogou.com,搜狗搜索 - www.sogou.com,搜狗搜索 - www.sogou.com,搜狗搜索 - www.sogou.com,搜狗搜索 - www.sogou.com,搜狗搜索 - www.sogou.com,搜狗搜索 - www.sogou.com,搜狗搜索 - www.sogou.com,搜狗搜索 - www.sogou.com, 实际没有收录  已过滤 
2021-08-06 14:45:14,385 - [line:259] - DEBUG:  队列剩余94041 此域名为：hxcjc.com 查找到的域名为：,搜狗搜索 - baodianshipin.www.sogou.com,搜狗搜索 - www.sogou.com,搜狗搜索 - www.sogou.com,搜狗搜索 - www.sogou.com,搜狗搜索 - www.sogou.com,搜狗搜索 - www.sogou.com,搜狗搜索 - www.sogou.com,搜狗搜索 - www.sogou.com,搜狗搜索 - www.sogou.com,搜狗搜索 - www.sogou.com, 实际没有收录  已过滤 
2021-08-06 14:45:17,027 - [line:259] - DEBUG:  队列剩余94040 此域名为：avic-sz.com.cn 查找到的域名为：,搜狗搜索 - www.sogou.com,搜狗搜索 - www.sogou.com,搜狗搜索 - www.sogou.com,搜狗搜索 - www.sogou.com,搜狗搜索 - www.sogou.com,搜狗搜索 - www.sogou.com,搜狗搜索 - www.sogou.com,搜狗搜索 - www.sogou.com,搜狗搜索 - www.sogou.com, 实际没有收录  已过滤 
2021-08-06 14:45:19,698 - [line:259] - DEBUG:  队列剩余94039 此域名为：zhidaowh.com 查找到的域名为：,搜狗搜索 - www.sogou.com,搜狗搜索 - www.sogou.com,搜狗搜索 - www.sogou.com,搜狗搜索 - www.sogou.com,搜狗搜索 - www.sogou.com,搜狗搜索 - www.sogou.com,搜狗搜索 - www.sogou.com,搜狗搜索 - www.sogou.com,搜狗搜索 - www.sogou.com, 实际没有收录  已过滤 
2021-08-06 14:45:21,303 - [line:259] - DEBUG:  队列剩余94038 此域名为：ntjt56.com 查找到的域名为：,搜狗搜索 - www.sogou.com,搜狗搜索 - www.sogou.com,搜狗搜索 - www.sogou.com,搜狗搜索 - www.sogou.com,搜狗搜索 - www.sogou.com,搜狗搜索 - www.sogou.com,搜狗搜索 - www.sogou.com, 实际没有收录  已过滤 
2021-08-06 14:45:23,388 - [line:259] - DEBUG:  队列剩余94037 此域名为：zhenhaoming.com 查找到的域名为：,搜狗搜索 - www.sogou.com,搜狗搜索 - www.sogou.com,搜狗搜索 - www.sogou.com,搜狗搜索 - www.sogou.com,搜狗搜索 - www.sogou.com,搜狗搜索 - www.sogou.com,搜狗搜索 - www.sogou.com,搜狗搜索 - www.sogou.com,搜狗搜索 - www.sogou.com,搜狗搜索 - www.sogou.com, 实际没有收录  已过滤 
2021-08-06 14:45:24,076 - [line:259] - DEBUG:  队列剩余94036 此域名为：qianfenggLobaL.com 查找到的域名为：,搜狗搜索 - www.sogou.com,搜狗搜索 - baodianshipin.www.sogou.com,搜狗搜索 - www.sogou.com,搜狗搜索 - www.sogou.com,搜狗搜索 - www.sogou.com,搜狗搜索 - www.sogou.com,搜狗搜索 - www.sogou.com,搜狗搜索 - www.sogou.com,搜狗搜索 - www.sogou.com, 实际没有收录  已过滤 
2021-08-06 14:45:24,866 - [line:259] - DEBUG:  队列剩余94035 此域名为：cLword.com 查找到的域名为：,搜狗搜索 - www.sogou.com,搜狗搜索 - www.sogou.com,搜狗搜索 - www.sogou.com,搜狗搜索 - www.sogou.com,搜狗搜索 - www.sogou.com,搜狗搜索 - www.sogou.com,搜狗搜索 - www.sogou.com,搜狗搜索 - www.sogou.com,搜狗搜索 - www.sogou.com, 实际没有收录  已过滤 
2021-08-06 14:45:25,592 - [line:259] - DEBUG:  队列剩余94034 此域名为：chuang-hui-china.com 查找到的域名为：,搜狗搜索 - www.sogou.com/bill_...- 2021-4-27,搜狗搜索 - www.sogou.com/bill_...- 2014-11-21,搜狗搜索 - task.www.sogou.com/- 2021-6-4,搜狗搜索 - www.sogou.com/bill_...- 2021-4-23,
            搜狗搜索 - www.sogou.com/s... - 2020-9-28,搜狗搜索 - www.sogou.com/featu...- 2021-6-29,搜狗搜索 - www.sogou.com/bill_...- 2021-2-22,搜狗搜索 - www.sogou.com/bill_...- 2021-4-29,搜狗搜索 - baodianshipin.www.sogou.com/...- 2019-4-22,搜狗搜索 - www.sogou.com/bill_...- 2021-4-21, 实际没有收录  已过滤 
2021-08-06 14:45:26,175 - [line:259] - DEBUG:  队列剩余94033 此域名为：e-mediadna.com 查找到的域名为：,搜狗搜索 - www.sogou.com,搜狗搜索 - www.sogou.com,搜狗搜索 - www.sogou.com,搜狗搜索 - www.sogou.com,搜狗搜索 - www.sogou.com,搜狗搜索 - www.sogou.com,搜狗搜索 - www.sogou.com,搜狗搜索 - www.sogou.com, 实际没有收录  已过滤 
2021-08-06 14:45:26,766 - [line:259] - DEBUG:  队列剩余94032 此域名为：hsqxhb.com 查找到的域名为：,搜狗搜索 - www.sogou.com,搜狗搜索 - www.sogou.com,搜狗搜索 - www.sogou.com,搜狗搜索 - www.sogou.com,搜狗搜索 - www.sogou.com,搜狗搜索 - www.sogou.com,搜狗搜索 - www.sogou.com, 实际没有收录  已过滤 
2021-08-06 14:45:27,541 - [line:259] - DEBUG:  队列剩余94031 此域名为：xzyswkj.com 查找到的域名为：,搜狗搜索 - www.sogou.com,搜狗搜索 - www.sogou.com,搜狗搜索 - www.sogou.com,搜狗搜索 - baodianshipin.www.sogou.com,搜狗搜索 - www.sogou.com,搜狗搜索 - www.sogou.com,搜狗搜索 - www.sogou.com,搜狗搜索 - www.sogou.com,搜狗搜索 - www.sogou.com, 实际没有收录  已过滤 
2021-08-06 14:45:28,166 - [line:259] - DEBUG:  队列剩余94030 此域名为：yongrui.net 查找到的域名为：,搜狗搜索 - www.sogou.com,搜狗搜索 - www.sogou.com,搜狗搜索 - www.sogou.com,搜狗搜索 - www.sogou.com,搜狗搜索 - www.sogou.com,搜狗搜索 - www.sogou.com,搜狗搜索 - www.sogou.com,搜狗搜索 - www.sogou.com,搜狗搜索 - www.sogou.com, 实际没有收录  已过滤 
2021-08-06 14:45:29,021 - [line:259] - DEBUG:  队列剩余94029 此域名为：nnnLjmy.com 查找到的域名为：,搜狗搜索 - www.sogou.com,搜狗搜索 - www.sogou.com,搜狗搜索 - www.sogou.com,搜狗搜索 - www.sogou.com,搜狗搜索 - www.sogou.com,搜狗搜索 - www.sogou.com,搜狗搜索 - www.sogou.com,搜狗搜索 - www.sogou.com,搜狗搜索 - www.sogou.com, 实际没有收录  已过滤 
2021-08-06 14:45:29,960 - [line:259] - DEBUG:  队列剩余94028 此域名为：nanobuLL.cn 查找到的域名为：,搜狗搜索 - www.sogou.com,搜狗搜索 - www.sogou.com,搜狗搜索 - www.sogou.com,搜狗搜索 - www.sogou.com,搜狗搜索 - www.sogou.com,搜狗搜索 - www.sogou.com,搜狗搜索 - www.sogou.com,搜狗搜索 - www.sogou.com,搜狗搜索 - baodianshipin.www.sogou.com, 实际没有收录  已过滤 
2021-08-06 14:45:30,997 - [line:259] - DEBUG:  队列剩余94027 此域名为：yindianjiaju.com 查找到的域名为：,搜狗搜索 - www.sogou.com,搜狗搜索 - www.sogou.com,搜狗搜索 - www.sogou.com,搜狗搜索 - www.sogou.com,搜狗搜索 - www.sogou.com,搜狗搜索 - www.sogou.com,搜狗搜索 - www.sogou.com,搜狗搜索 - www.sogou.com,搜狗搜索 - www.sogou.com, 实际没有收录  已过滤 
2021-08-06 14:45:34,378 - [line:259] - DEBUG:  队列剩余94026 此域名为：rqkrpg.com 查找到的域名为：,搜狗搜索 - www.sogou.com,搜狗搜索 - www.sogou.com,搜狗搜索 - www.sogou.com,搜狗搜索 - www.sogou.com,搜狗搜索 - www.sogou.com,搜狗搜索 - www.sogou.com,搜狗搜索 - www.sogou.com, 实际没有收录  已过滤 
2021-08-06 14:45:34,770 - [line:259] - DEBUG:  队列剩余94025 此域名为：cLxwcc.com 查找到的域名为：,搜狗搜索 - www.sogou.com,搜狗搜索 - baodianshipin.www.sogou.com,搜狗搜索 - www.sogou.com,搜狗搜索 - www.sogou.com,搜狗搜索 - www.sogou.com,搜狗搜索 - www.sogou.com,搜狗搜索 - www.sogou.com,搜狗搜索 - www.sogou.com,搜狗搜索 - www.sogou.com, 实际没有收录  已过滤 
2021-08-06 14:45:35,170 - [line:259] - DEBUG:  队列剩余94024 此域名为：gxhrsy.com 查找到的域名为：,搜狗搜索 - www.sogou.com,搜狗搜索 - www.sogou.com,搜狗搜索 - www.sogou.com,搜狗搜索 - www.sogou.com,搜狗搜索 - task.www.sogou.com,搜狗搜索 - www.sogou.com,搜狗搜索 - www.sogou.com,搜狗搜索 - www.sogou.com,搜狗搜索 - www.sogou.com, 实际没有收录  已过滤 
2021-08-06 14:45:35,563 - [line:259] - DEBUG:  队列剩余94023 此域名为：0898hnzj.com 查找到的域名为：,搜狗搜索 - www.sogou.com,搜狗搜索 - www.sogou.com,搜狗搜索 - www.sogou.com,搜狗搜索 - www.sogou.com,搜狗搜索 - www.sogou.com,搜狗搜索 - www.sogou.com,搜狗搜索 - www.sogou.com,搜狗搜索 - www.sogou.com,搜狗搜索 - www.sogou.com,搜狗搜索 - www.sogou.com, 实际没有收录  已过滤 
2021-08-06 14:45:35,967 - [line:259] - DEBUG:  队列剩余94022 此域名为：hnnkdj.com 查找到的域名为：,搜狗搜索 - task.www.sogou.com,搜狗搜索 - www.sogou.com,搜狗搜索 - www.sogou.com,搜狗搜索 - www.sogou.com,搜狗搜索 - www.sogou.com,搜狗搜索 - www.sogou.com,搜狗搜索 - www.sogou.com,搜狗搜索 - www.sogou.com, 实际没有收录  已过滤 
2021-08-06 14:45:36,369 - [line:259] - DEBUG:  队列剩余94021 此域名为：sy-yh.net 查找到的域名为：,搜狗搜索 - www.sogou.com,搜狗搜索 - www.sogou.com,搜狗搜索 - www.sogou.com,搜狗搜索 - www.sogou.com,搜狗搜索 - www.sogou.com,搜狗搜索 - www.sogou.com,搜狗搜索 - www.sogou.com, 实际没有收录  已过滤 
2021-08-06 14:45:36,816 - [line:259] - DEBUG:  队列剩余94020 此域名为：apve.cn 查找到的域名为：,搜狗搜索 - www.sogou.com,搜狗搜索 - www.sogou.com,搜狗搜索 - www.sogou.com,搜狗搜索 - www.sogou.com,搜狗搜索 - www.sogou.com,搜狗搜索 - www.sogou.com,搜狗搜索 - www.sogou.com,搜狗搜索 - www.sogou.com,搜狗搜索 - www.sogou.com, 实际没有收录  已过滤 
2021-08-06 14:45:37,234 - [line:259] - DEBUG:  队列剩余94019 此域名为：jssdhb.com 查找到的域名为：,搜狗搜索 - www.sogou.com,搜狗搜索 - www.sogou.com,搜狗搜索 - www.sogou.com,搜狗搜索 - www.sogou.com,搜狗搜索 - www.sogou.com,搜狗搜索 - www.sogou.com,搜狗搜索 - www.sogou.com,搜狗搜索 - www.sogou.com,搜狗搜索 - www.sogou.com, 实际没有收录  已过滤 
2021-08-06 14:45:37,632 - [line:259] - DEBUG:  队列剩余94018 此域名为：hfcgyy.cn 查找到的域名为：,搜狗搜索 - www.sogou.com,搜狗搜索 - www.sogou.com,搜狗搜索 - www.sogou.com,搜狗搜索 - www.sogou.com,搜狗搜索 - www.sogou.com,搜狗搜索 - www.sogou.com,搜狗搜索 - www.sogou.com,搜狗搜索 - www.sogou.com, 实际没有收录  已过滤 
2021-08-06 14:45:38,062 - [line:259] - DEBUG:  队列剩余94017 此域名为：amrsos.cn 查找到的域名为：,搜狗搜索 - www.sogou.com,搜狗搜索 - www.sogou.com,搜狗搜索 - www.sogou.com,搜狗搜索 - www.sogou.com,搜狗搜索 - www.sogou.com,搜狗搜索 - www.sogou.com,搜狗搜索 - www.sogou.com,搜狗搜索 - www.sogou.com,搜狗搜索 - www.sogou.com, 实际没有收录  已过滤 
2021-08-06 14:45:38,452 - [line:259] - DEBUG:  队列剩余94016 此域名为：cztztbg.com 查找到的域名为：,搜狗搜索 - www.sogou.com,搜狗搜索 - www.sogou.com,搜狗搜索 - www.sogou.com,搜狗搜索 - www.sogou.com,搜狗搜索 - www.sogou.com,搜狗搜索 - www.sogou.com,搜狗搜索 - www.sogou.com,搜狗搜索 - www.sogou.com,搜狗搜索 - www.sogou.com,搜狗搜索 - www.sogou.com, 实际没有收录  已过滤 
2021-08-06 14:45:38,848 - [line:259] - DEBUG:  队列剩余94015 此域名为：kycfmy.com 查找到的域名为：,搜狗搜索 - www.sogou.com,搜狗搜索 - www.sogou.com,搜狗搜索 - www.sogou.com,搜狗搜索 - www.sogou.com,搜狗搜索 - www.sogou.com,搜狗搜索 - www.sogou.com,搜狗搜索 - www.sogou.com,搜狗搜索 - www.sogou.com,搜狗搜索 - www.sogou.com, 实际没有收录  已过滤 
2021-08-06 14:45:39,229 - [line:259] - DEBUG:  队列剩余94014 此域名为：h3cwifi.com 查找到的域名为：,搜狗搜索 - www.sogou.com,搜狗搜索 - www.sogou.com,搜狗搜索 - www.sogou.com,搜狗搜索 - www.sogou.com,搜狗搜索 - www.sogou.com,搜狗搜索 - www.sogou.com,搜狗搜索 - www.sogou.com,搜狗搜索 - www.sogou.com, 实际没有收录  已过滤 
2021-08-06 14:45:39,694 - [line:259] - DEBUG:  队列剩余94013 此域名为：LaiLeyou.com 查找到的域名为：,搜狗搜索 - www.sogou.com,搜狗搜索 - www.sogou.com,搜狗搜索 - www.sogou.com,搜狗搜索 - task.www.sogou.com,搜狗搜索 - www.sogou.com,搜狗搜索 - www.sogou.com,搜狗搜索 - www.sogou.com,搜狗搜索 - www.sogou.com,搜狗搜索 - www.sogou.com, 实际没有收录  已过滤 
2021-08-06 14:45:40,082 - [line:259] - DEBUG:  队列剩余94012 此域名为：king-song.com 查找到的域名为：,搜狗搜索 - www.sogou.com,搜狗搜索 - www.sogou.com,搜狗搜索 - www.sogou.com,搜狗搜索 - www.sogou.com,搜狗搜索 - www.sogou.com,搜狗搜索 - www.sogou.com,搜狗搜索 - www.sogou.com,搜狗搜索 - www.sogou.com, 实际没有收录  已过滤 
2021-08-06 14:45:40,485 - [line:259] - DEBUG:  队列剩余94011 此域名为：fangyuhj.com 查找到的域名为：,搜狗搜索 - www.sogou.com,搜狗搜索 - www.sogou.com,搜狗搜索 - www.sogou.com,搜狗搜索 - www.sogou.com,搜狗搜索 - www.sogou.com,搜狗搜索 - www.sogou.com,搜狗搜索 - www.sogou.com,搜狗搜索 - www.sogou.com,搜狗搜索 - www.sogou.com, 实际没有收录  已过滤 
2021-08-06 14:45:40,963 - [line:259] - DEBUG:  队列剩余94010 此域名为：derunfs.com 查找到的域名为：,搜狗搜索 - www.sogou.com,搜狗搜索 - www.sogou.com,搜狗搜索 - www.sogou.com,搜狗搜索 - www.sogou.com,搜狗搜索 - www.sogou.com,搜狗搜索 - www.sogou.com,搜狗搜索 - www.sogou.com,搜狗搜索 - www.sogou.com,搜狗搜索 - www.sogou.com, 实际没有收录  已过滤 
2021-08-06 14:45:41,376 - [line:259] - DEBUG:  队列剩余94009 此域名为：Linyihuayue.com 查找到的域名为：,搜狗搜索 - baodianshipin.www.sogou.com,搜狗搜索 - www.sogou.com,搜狗搜索 - www.sogou.com,搜狗搜索 - www.sogou.com,搜狗搜索 - www.sogou.com,搜狗搜索 - www.sogou.com,搜狗搜索 - www.sogou.com,搜狗搜索 - www.sogou.com, 实际没有收录  已过滤 
2021-08-06 14:45:41,854 - [line:259] - DEBUG:  队列剩余94008 此域名为：zssycpa.com 查找到的域名为：,搜狗搜索 - task.www.sogou.com,搜狗搜索 - www.sogou.com,搜狗搜索 - www.sogou.com,搜狗搜索 - www.sogou.com,搜狗搜索 - www.sogou.com,搜狗搜索 - www.sogou.com,搜狗搜索 - www.sogou.com,搜狗搜索 - www.sogou.com,搜狗搜索 - www.sogou.com,搜狗搜索 - www.sogou.com, 实际没有收录  已过滤 
2021-08-06 14:45:42,252 - [line:259] - DEBUG:  队列剩余94007 此域名为：caiyuan66.com 查找到的域名为：,搜狗搜索 - www.sogou.com,搜狗搜索 - www.sogou.com,搜狗搜索 - www.sogou.com,搜狗搜索 - www.sogou.com,搜狗搜索 - www.sogou.com,搜狗搜索 - www.sogou.com,搜狗搜索 - www.sogou.com, 实际没有收录  已过滤 
2021-08-06 14:45:42,386 - [line:216] - DEBUG: 2021-08-06 14:45:42 队列剩余94006 boyihuahui.com  域名解析完毕 ['搜狗已为您找到约0条相关结果']  已过滤
2021-08-06 14:45:42,750 - [line:259] - DEBUG:  队列剩余94005 此域名为：njzyrL.com 查找到的域名为：,搜狗搜索 - www.sogou.com,搜狗搜索 - www.sogou.com,搜狗搜索 - www.sogou.com,搜狗搜索 - www.sogou.com,搜狗搜索 - www.sogou.com,搜狗搜索 - www.sogou.com,搜狗搜索 - www.sogou.com,搜狗搜索 - www.sogou.com,搜狗搜索 - www.sogou.com, 实际没有收录  已过滤 
2021-08-06 14:45:43,200 - [line:259] - DEBUG:  队列剩余94004 此域名为：xiangyuanLiuti.com 查找到的域名为：,搜狗搜索 - www.sogou.com,搜狗搜索 - www.sogou.com,搜狗搜索 - www.sogou.com,搜狗搜索 - www.sogou.com,搜狗搜索 - www.sogou.com,搜狗搜索 - www.sogou.com,搜狗搜索 - www.sogou.com,搜狗搜索 - www.sogou.com,搜狗搜索 - www.sogou.com,搜狗搜索 - www.sogou.com, 实际没有收录  已过滤 
2021-08-06 14:45:43,631 - [line:259] - DEBUG:  队列剩余94003 此域名为：zqyyty.com 查找到的域名为：,搜狗搜索 - www.sogou.com,搜狗搜索 - www.sogou.com,搜狗搜索 - www.sogou.com,搜狗搜索 - www.sogou.com,搜狗搜索 - www.sogou.com,搜狗搜索 - www.sogou.com,搜狗搜索 - www.sogou.com,搜狗搜索 - www.sogou.com,搜狗搜索 - www.sogou.com, 实际没有收录  已过滤 
2021-08-06 14:45:44,012 - [line:259] - DEBUG:  队列剩余94002 此域名为：gzssbdz.com 查找到的域名为：,搜狗搜索 - www.sogou.com,搜狗搜索 - www.sogou.com,搜狗搜索 - www.sogou.com,搜狗搜索 - www.sogou.com,搜狗搜索 - www.sogou.com,搜狗搜索 - www.sogou.com,搜狗搜索 - www.sogou.com,搜狗搜索 - baodianshipin.www.sogou.com, 实际没有收录  已过滤 
2021-08-06 14:45:44,424 - [line:259] - DEBUG:  队列剩余94001 此域名为：wfhaizhichen.com 查找到的域名为：,搜狗搜索 - www.sogou.com,搜狗搜索 - www.sogou.com,搜狗搜索 - www.sogou.com,搜狗搜索 - www.sogou.com,搜狗搜索 - www.sogou.com,搜狗搜索 - www.sogou.com,搜狗搜索 - www.sogou.com,搜狗搜索 - www.sogou.com,搜狗搜索 - www.sogou.com, 实际没有收录  已过滤 
2021-08-06 14:45:44,840 - [line:259] - DEBUG:  队列剩余94000 此域名为：ejinj.com 查找到的域名为：,搜狗搜索 - www.sogou.com,搜狗搜索 - www.sogou.com,搜狗搜索 - www.sogou.com,搜狗搜索 - www.sogou.com,搜狗搜索 - www.sogou.com,搜狗搜索 - www.sogou.com,搜狗搜索 - www.sogou.com,搜狗搜索 - www.sogou.com, 实际没有收录  已过滤 
2021-08-06 14:45:45,283 - [line:259] - DEBUG:  队列剩余93999 此域名为：yczfncp.com 查找到的域名为：,搜狗搜索 - www.sogou.com,搜狗搜索 - www.sogou.com,搜狗搜索 - www.sogou.com,搜狗搜索 - www.sogou.com,搜狗搜索 - www.sogou.com,搜狗搜索 - www.sogou.com,搜狗搜索 - www.sogou.com,搜狗搜索 - www.sogou.com,搜狗搜索 - www.sogou.com, 实际没有收录  已过滤 
2021-08-06 14:45:45,688 - [line:259] - DEBUG:  队列剩余93998 此域名为：hLjjsnj.com 查找到的域名为：,搜狗搜索 - www.sogou.com,搜狗搜索 - www.sogou.com,搜狗搜索 - www.sogou.com,搜狗搜索 - www.sogou.com,搜狗搜索 - www.sogou.com,搜狗搜索 - www.sogou.com,搜狗搜索 - www.sogou.com, 实际没有收录  已过滤 
2021-08-06 14:45:46,153 - [line:259] - DEBUG:  队列剩余93997 此域名为：hushengjituan.cn 查找到的域名为：,搜狗搜索 - www.sogou.com,搜狗搜索 - www.sogou.com,搜狗搜索 - www.sogou.com,搜狗搜索 - www.sogou.com,搜狗搜索 - www.sogou.com,搜狗搜索 - www.sogou.com,搜狗搜索 - task.www.sogou.com,搜狗搜索 - www.sogou.com,搜狗搜索 - www.sogou.com,搜狗搜索 - www.sogou.com, 实际没有收录  已过滤 
2021-08-06 14:45:46,576 - [line:259] - DEBUG:  队列剩余93996 此域名为：hzprecision.com 查找到的域名为：,搜狗搜索 - www.sogou.com,搜狗搜索 - www.sogou.com,搜狗搜索 - www.sogou.com,搜狗搜索 - www.sogou.com,搜狗搜索 - www.sogou.com,搜狗搜索 - www.sogou.com,搜狗搜索 - www.sogou.com,搜狗搜索 - www.sogou.com,搜狗搜索 - www.sogou.com,搜狗搜索 - www.sogou.com, 实际没有收录  已过滤 
2021-08-06 14:45:46,999 - [line:259] - DEBUG:  队列剩余93995 此域名为：dyjyzj.com 查找到的域名为：,搜狗搜索 - www.sogou.com,搜狗搜索 - www.sogou.com,搜狗搜索 - www.sogou.com,搜狗搜索 - www.sogou.com,搜狗搜索 - www.sogou.com,搜狗搜索 - www.sogou.com,搜狗搜索 - www.sogou.com,搜狗搜索 - www.sogou.com,搜狗搜索 - www.sogou.com, 实际没有收录  已过滤 
2021-08-06 14:45:47,392 - [line:259] - DEBUG:  队列剩余93994 此域名为：fLxzscL.com 查找到的域名为：,搜狗搜索 - www.sogou.com,搜狗搜索 - www.sogou.com,搜狗搜索 - baodianshipin.www.sogou.com,搜狗搜索 - www.sogou.com,搜狗搜索 - www.sogou.com,搜狗搜索 - www.sogou.com,搜狗搜索 - www.sogou.com,搜狗搜索 - www.sogou.com,搜狗搜索 - www.sogou.com, 实际没有收录  已过滤 
2021-08-06 14:45:47,820 - [line:259] - DEBUG:  队列剩余93993 此域名为：xzhcdL.com 查找到的域名为：,搜狗搜索 - www.sogou.com,搜狗搜索 - www.sogou.com,搜狗搜索 - www.sogou.com,搜狗搜索 - www.sogou.com,搜狗搜索 - www.sogou.com,搜狗搜索 - www.sogou.com,搜狗搜索 - www.sogou.com,搜狗搜索 - www.sogou.com,搜狗搜索 - www.sogou.com, 实际没有收录  已过滤 
2021-08-06 14:45:48,281 - [line:259] - DEBUG:  队列剩余93992 此域名为：hebeizhubo.com 查找到的域名为：,搜狗搜索 - www.sogou.com,搜狗搜索 - www.sogou.com,搜狗搜索 - www.sogou.com,搜狗搜索 - www.sogou.com,搜狗搜索 - www.sogou.com,搜狗搜索 - www.sogou.com,搜狗搜索 - www.sogou.com, 实际没有收录  已过滤 
2021-08-06 14:45:48,687 - [line:259] - DEBUG:  队列剩余93991 此域名为：a141319.cn 查找到的域名为：,搜狗搜索 - www.sogou.com,搜狗搜索 - www.sogou.com,搜狗搜索 - task.www.sogou.com,搜狗搜索 - www.sogou.com,搜狗搜索 - www.sogou.com,搜狗搜索 - www.sogou.com,搜狗搜索 - www.sogou.com, 实际没有收录  已过滤 
2021-08-06 14:45:49,260 - [line:259] - DEBUG:  队列剩余93990 此域名为：dLbaoLi.cn 查找到的域名为：,搜狗搜索 - www.sogou.com,搜狗搜索 - www.sogou.com,搜狗搜索 - www.sogou.com,搜狗搜索 - www.sogou.com,搜狗搜索 - www.sogou.com,搜狗搜索 - www.sogou.com,搜狗搜索 - www.sogou.com,搜狗搜索 - www.sogou.com, 实际没有收录  已过滤 
2021-08-06 14:45:49,684 - [line:259] - DEBUG:  队列剩余93989 此域名为：szzzjm.cn 查找到的域名为：,搜狗搜索 - www.sogou.com,搜狗搜索 - www.sogou.com,搜狗搜索 - www.sogou.com,搜狗搜索 - www.sogou.com,搜狗搜索 - www.sogou.com,搜狗搜索 - www.sogou.com,搜狗搜索 - www.sogou.com,搜狗搜索 - www.sogou.com, 实际没有收录  已过滤 
2021-08-06 14:45:50,106 - [line:259] - DEBUG:  队列剩余93988 此域名为：zjsddL.cn 查找到的域名为：,搜狗搜索 - www.sogou.com,搜狗搜索 - www.sogou.com,搜狗搜索 - www.sogou.com,搜狗搜索 - www.sogou.com,搜狗搜索 - www.sogou.com,搜狗搜索 - www.sogou.com,搜狗搜索 - www.sogou.com,搜狗搜索 - www.sogou.com, 实际没有收录  已过滤 
2021-08-06 14:45:50,559 - [line:259] - DEBUG:  队列剩余93987 此域名为：cainuanLuok.com 查找到的域名为：,搜狗搜索 - www.sogou.com,搜狗搜索 - www.sogou.com,搜狗搜索 - www.sogou.com,搜狗搜索 - www.sogou.com,搜狗搜索 - www.sogou.com,搜狗搜索 - www.sogou.com,搜狗搜索 - www.sogou.com,搜狗搜索 - www.sogou.com, 实际没有收录  已过滤 
2021-08-06 14:45:51,013 - [line:259] - DEBUG:  队列剩余93986 此域名为：wzfLtc.com 查找到的域名为：,搜狗搜索 - www.sogou.com,搜狗搜索 - www.sogou.com,搜狗搜索 - www.sogou.com,搜狗搜索 - www.sogou.com,搜狗搜索 - www.sogou.com,搜狗搜索 - www.sogou.com,搜狗搜索 - www.sogou.com,搜狗搜索 - www.sogou.com, 实际没有收录  已过滤 
2021-08-06 14:45:51,508 - [line:259] - DEBUG:  队列剩余93985 此域名为：hnhengbao.com 查找到的域名为：,搜狗搜索 - www.sogou.com,搜狗搜索 - www.sogou.com,搜狗搜索 - www.sogou.com,搜狗搜索 - www.sogou.com,搜狗搜索 - www.sogou.com,搜狗搜索 - www.sogou.com,搜狗搜索 - www.sogou.com,搜狗搜索 - www.sogou.com, 实际没有收录  已过滤 
2021-08-06 14:45:51,980 - [line:259] - DEBUG:  队列剩余93984 此域名为：handujiuchang.com 查找到的域名为：,搜狗搜索 - www.sogou.com,搜狗搜索 - www.sogou.com,搜狗搜索 - www.sogou.com,搜狗搜索 - www.sogou.com,搜狗搜索 - www.sogou.com,搜狗搜索 - www.sogou.com,搜狗搜索 - www.sogou.com,搜狗搜索 - www.sogou.com,搜狗搜索 - www.sogou.com,搜狗搜索 - www.sogou.com, 实际没有收录  已过滤 
2021-08-06 14:45:52,358 - [line:259] - DEBUG:  队列剩余93983 此域名为：xbpiao.com 查找到的域名为：,搜狗搜索 - www.sogou.com,搜狗搜索 - www.sogou.com,搜狗搜索 - task.www.sogou.com,搜狗搜索 - www.sogou.com,搜狗搜索 - www.sogou.com,搜狗搜索 - www.sogou.com,搜狗搜索 - www.sogou.com,搜狗搜索 - www.sogou.com,搜狗搜索 - www.sogou.com, 实际没有收录  已过滤 
2021-08-06 14:45:52,775 - [line:259] - DEBUG:  队列剩余93982 此域名为：qzyyk.com 查找到的域名为：,搜狗搜索 - baodianshipin.www.sogou.com,搜狗搜索 - www.sogou.com,搜狗搜索 - www.sogou.com,搜狗搜索 - www.sogou.com,搜狗搜索 - www.sogou.com,搜狗搜索 - www.sogou.com,搜狗搜索 - www.sogou.com,搜狗搜索 - www.sogou.com,搜狗搜索 - www.sogou.com, 实际没有收录  已过滤 
2021-08-06 14:45:53,223 - [line:259] - DEBUG:  队列剩余93981 此域名为：afxkj.com 查找到的域名为：,搜狗搜索 - www.sogou.com,搜狗搜索 - www.sogou.com,搜狗搜索 - www.sogou.com,搜狗搜索 - www.sogou.com,搜狗搜索 - www.sogou.com,搜狗搜索 - www.sogou.com,搜狗搜索 - www.sogou.com,搜狗搜索 - www.sogou.com,搜狗搜索 - www.sogou.com, 实际没有收录  已过滤 
2021-08-06 14:45:53,616 - [line:259] - DEBUG:  队列剩余93980 此域名为：huayaowL.com 查找到的域名为：,搜狗搜索 - www.sogou.com,搜狗搜索 - www.sogou.com,搜狗搜索 - www.sogou.com,搜狗搜索 - www.sogou.com,搜狗搜索 - www.sogou.com,搜狗搜索 - www.sogou.com,搜狗搜索 - www.sogou.com,搜狗搜索 - www.sogou.com,搜狗搜索 - www.sogou.com, 实际没有收录  已过滤 
2021-08-06 14:45:54,043 - [line:259] - DEBUG:  队列剩余93979 此域名为：bjzLtjc.com 查找到的域名为：,搜狗搜索 - www.sogou.com,搜狗搜索 - www.sogou.com,搜狗搜索 - www.sogou.com,搜狗搜索 - www.sogou.com,搜狗搜索 - www.sogou.com,搜狗搜索 - www.sogou.com,搜狗搜索 - www.sogou.com,搜狗搜索 - www.sogou.com,搜狗搜索 - www.sogou.com, 实际没有收录  已过滤 
2021-08-06 14:45:54,512 - [line:259] - DEBUG:  队列剩余93978 此域名为：wisdom-ssL.cn 查找到的域名为：,搜狗搜索 - www.sogou.com,搜狗搜索 - www.sogou.com,搜狗搜索 - www.sogou.com,搜狗搜索 - www.sogou.com,搜狗搜索 - www.sogou.com,搜狗搜索 - www.sogou.com,搜狗搜索 - www.sogou.com,搜狗搜索 - www.sogou.com,搜狗搜索 - www.sogou.com, 实际没有收录  已过滤 
2021-08-06 14:46:09,156 - [line:216] - DEBUG: 2021-08-06 14:46:09 队列剩余93977 ddgjzs.com  域名解析完毕 ['搜狗已为您找到约467条相关结果']  已过滤
2021-08-06 14:46:09,521 - [line:216] - DEBUG: 2021-08-06 14:46:09 队列剩余93976 jxrcng.com  域名解析完毕 ['搜狗已为您找到约467条相关结果']  已过滤
2021-08-06 14:46:09,783 - [line:216] - DEBUG: 2021-08-06 14:46:09 队列剩余93975 njhuidu.com  域名解析完毕 ['搜狗已为您找到约467条相关结果']  已过滤
2021-08-06 14:46:10,142 - [line:216] - DEBUG: 2021-08-06 14:46:10 队列剩余93974 packbhb.com  域名解析完毕 ['搜狗已为您找到约467条相关结果']  已过滤
2021-08-06 14:46:10,256 - [line:216] - DEBUG: 2021-08-06 14:46:10 队列剩余93973 sjyhkf.com  域名解析完毕 ['搜狗已为您找到约467条相关结果']  已过滤
2021-08-06 14:46:11,052 - [line:216] - DEBUG: 2021-08-06 14:46:11 队列剩余93972 mmsyyy.com  域名解析完毕 ['搜狗已为您找到约467条相关结果']  已过滤
2021-08-06 14:46:11,167 - [line:216] - DEBUG: 2021-08-06 14:46:11 队列剩余93971 cn-meLody.com  域名解析完毕 ['搜狗已为您找到约467条相关结果']  已过滤
2021-08-06 14:46:11,953 - [line:216] - DEBUG: 2021-08-06 14:46:11 队列剩余93970 bjzszxgs.com  域名解析完毕 ['搜狗已为您找到约467条相关结果']  已过滤
2021-08-06 14:46:12,064 - [line:216] - DEBUG: 2021-08-06 14:46:12 队列剩余93969 dLtyss.com  域名解析完毕 ['搜狗已为您找到约467条相关结果']  已过滤
2021-08-06 14:46:12,185 - [line:216] - DEBUG: 2021-08-06 14:46:12 队列剩余93968 nmair.com.cn  域名解析完毕 ['搜狗已为您找到约467条相关结果']  已过滤
2021-08-06 14:46:12,609 - [line:216] - DEBUG: 2021-08-06 14:46:12 队列剩余93967 yangyuankeji.com  域名解析完毕 ['搜狗已为您找到约467条相关结果']  已过滤
2021-08-06 14:46:12,821 - [line:216] - DEBUG: 2021-08-06 14:46:12 队列剩余93966 ufangLei.com  域名解析完毕 ['搜狗已为您找到约467条相关结果']  已过滤
2021-08-06 14:46:12,946 - [line:216] - DEBUG: 2021-08-06 14:46:12 队列剩余93965 mobopower.com  域名解析完毕 ['搜狗已为您找到约467条相关结果']  已过滤
2021-08-06 14:46:13,100 - [line:216] - DEBUG: 2021-08-06 14:46:13 队列剩余93964 homsung.net  域名解析完毕 ['搜狗已为您找到约467条相关结果']  已过滤
2021-08-06 14:46:13,824 - [line:216] - DEBUG: 2021-08-06 14:46:13 队列剩余93963 ghamj.com  域名解析完毕 ['搜狗已为您找到约467条相关结果']  已过滤
2021-08-06 14:46:13,966 - [line:216] - DEBUG: 2021-08-06 14:46:13 队列剩余93962 aqcyznkj.com  域名解析完毕 ['搜狗已为您找到约467条相关结果']  已过滤
2021-08-06 14:46:14,324 - [line:216] - DEBUG: 2021-08-06 14:46:14 队列剩余93961 jpxhkcw.com  域名解析完毕 ['搜狗已为您找到约467条相关结果']  已过滤
2021-08-06 14:46:14,799 - [line:216] - DEBUG: 2021-08-06 14:46:14 队列剩余93960 Langsun.cn  域名解析完毕 ['搜狗已为您找到约467条相关结果']  已过滤
2021-08-06 14:46:14,930 - [line:216] - DEBUG: 2021-08-06 14:46:14 队列剩余93959 wtzL.cn  域名解析完毕 ['搜狗已为您找到约467条相关结果']  已过滤
2021-08-06 14:46:15,075 - [line:216] - DEBUG: 2021-08-06 14:46:15 队列剩余93958 Lzybzs.com  域名解析完毕 ['搜狗已为您找到约467条相关结果']  已过滤
2021-08-06 14:46:15,221 - [line:216] - DEBUG: 2021-08-06 14:46:15 队列剩余93957 angeLd.cn  域名解析完毕 ['搜狗已为您找到约467条相关结果']  已过滤
2021-08-06 14:46:15,342 - [line:216] - DEBUG: 2021-08-06 14:46:15 队列剩余93956 robot-china.com.cn  域名解析完毕 ['搜狗已为您找到约467条相关结果']  已过滤
2021-08-06 14:46:15,454 - [line:216] - DEBUG: 2021-08-06 14:46:15 队列剩余93955 zoking.cn  域名解析完毕 ['搜狗已为您找到约467条相关结果']  已过滤
2021-08-06 14:46:15,611 - [line:216] - DEBUG: 2021-08-06 14:46:15 队列剩余93954 bzwcgjg.com  域名解析完毕 ['搜狗已为您找到约467条相关结果']  已过滤
2021-08-06 14:46:16,592 - [line:216] - DEBUG: 2021-08-06 14:46:16 队列剩余93953 caiLaishanshi.com  域名解析完毕 ['搜狗已为您找到约467条相关结果']  已过滤
2021-08-06 14:46:16,789 - [line:216] - DEBUG: 2021-08-06 14:46:16 队列剩余93952 Lianshida.cn  域名解析完毕 ['搜狗已为您找到约467条相关结果']  已过滤
2021-08-06 14:48:52,672 - [line:216] - DEBUG: 2021-08-06 14:48:52 队列剩余94144 seo-shouLu.cn  域名解析完毕 ['搜狗已为您找到约0条相关结果']  已过滤
2021-08-06 14:48:56,430 - [line:216] - DEBUG: 2021-08-06 14:48:56 队列剩余94121 yymgc.cn  域名解析完毕 ['搜狗已为您找到约0条相关结果']  已过滤
2021-08-06 14:49:43,411 - [line:216] - DEBUG: 2021-08-06 14:49:43 队列剩余94058 yeshengdc.cn  域名解析完毕 ['搜狗已为您找到约0条相关结果']  已过滤
