2022-04-29 19:01:29,392 - [line:558] - DEBUG: 启动
2022-04-29 19:01:30,379 - [line:612] - DEBUG: 开始任务
2022-04-29 19:01:30,386 - [line:47] - DEBUG: 参数为：ymhz=.com&dqsj_1=120&qian_2=450&qiangjc=1&psize=500&sfba_1=1&
2022-04-29 19:01:42,393 - [line:467] - DEBUG: 本次共查询出575条记录
2022-04-29 19:02:03,798 - [line:288] - DEBUG: 本次共查询出575条记录  共1页
2022-04-29 19:04:16,639 - [line:558] - DEBUG: 启动
2022-04-29 19:04:17,752 - [line:612] - DEBUG: 开始任务
2022-04-29 19:04:17,759 - [line:47] - DEBUG: 参数为：qian_2=350&qiangjc=1&sgsl_1=5000&psize=50&
2022-04-29 19:05:22,590 - [line:467] - DEBUG: 本次共查询出166条记录
2022-04-29 19:05:33,417 - [line:288] - DEBUG: 本次共查询出166条记录  共3页
2022-04-29 19:05:39,973 - [line:319] - DEBUG: ccnetc.cn
2022-04-29 19:05:39,974 - [line:319] - DEBUG: sancomo.cn
2022-04-29 19:05:39,974 - [line:319] - DEBUG: suoninet.cn
2022-04-29 19:05:39,974 - [line:319] - DEBUG: qinghuanet.cn
2022-04-29 19:05:39,974 - [line:319] - DEBUG: wwwcash45.com
2022-04-29 19:05:39,974 - [line:319] - DEBUG: ww26uuucomw.cn
2022-04-29 19:05:39,975 - [line:319] - DEBUG: www320pao.com
2022-04-29 19:05:39,975 - [line:319] - DEBUG: 768ppcom.cn
2022-04-29 19:05:39,975 - [line:319] - DEBUG: wwwxiao33com.cn
2022-04-29 19:05:39,975 - [line:319] - DEBUG: suangui.cn
2022-04-29 19:05:39,975 - [line:319] - DEBUG: 168tubecom.cn
2022-04-29 19:05:39,975 - [line:319] - DEBUG: zhouzhiya.cn
2022-04-29 19:05:39,976 - [line:319] - DEBUG: jjj32com.cn
2022-04-29 19:05:39,976 - [line:319] - DEBUG: wwwLeshare.com
2022-04-29 19:05:39,976 - [line:319] - DEBUG: 8www00000.cn
2022-04-29 19:05:39,976 - [line:319] - DEBUG: wwwvshare.com
2022-04-29 19:05:39,976 - [line:319] - DEBUG: sacee.cn
2022-04-29 19:05:39,976 - [line:319] - DEBUG: pu980com.cn
2022-04-29 19:05:39,977 - [line:319] - DEBUG: www-myinstantoffer.com
2022-04-29 19:05:39,977 - [line:319] - DEBUG: hongfengLing.cn
2022-04-29 19:05:39,977 - [line:319] - DEBUG: heijingu.cn
2022-04-29 19:05:39,977 - [line:319] - DEBUG: nyeducom.cn
2022-04-29 19:05:39,977 - [line:319] - DEBUG: tiankongLu.cn
2022-04-29 19:05:39,977 - [line:319] - DEBUG: dreamwwwstudio.com
2022-04-29 19:05:39,978 - [line:319] - DEBUG: pLunkettproductions.com
2022-04-29 19:05:39,978 - [line:319] - DEBUG: wwwdLpLcd.com.cn
2022-04-29 19:05:39,978 - [line:319] - DEBUG: madgettproperties.com
2022-04-29 19:05:39,978 - [line:319] - DEBUG: sesehy.com
2022-04-29 19:05:39,978 - [line:319] - DEBUG: 789LLc.com
2022-04-29 19:05:39,978 - [line:319] - DEBUG: jiecom.cn
2022-04-29 19:05:39,979 - [line:319] - DEBUG: 3456nucom.cn
2022-04-29 19:05:39,979 - [line:319] - DEBUG: fck369.com
2022-04-29 19:05:39,979 - [line:319] - DEBUG: www192345com.cn
2022-04-29 19:05:39,979 - [line:319] - DEBUG: brittpaLema.com
2022-04-29 19:05:39,979 - [line:319] - DEBUG: www-185147-com.cn
2022-04-29 19:05:39,979 - [line:319] - DEBUG: badai.top
2022-04-29 19:05:39,980 - [line:319] - DEBUG: www03039com.cn
2022-04-29 19:05:39,980 - [line:319] - DEBUG: www2016mtc.cn
2022-04-29 19:05:39,980 - [line:319] - DEBUG: www75107860731.cn
2022-04-29 19:05:39,980 - [line:319] - DEBUG: ttpf99.com
2022-04-29 19:05:39,980 - [line:319] - DEBUG: www599199com.cn
2022-04-29 19:05:39,981 - [line:319] - DEBUG: www4273com.cn
2022-04-29 19:05:39,981 - [line:319] - DEBUG: wwwLpfcom.cn
2022-04-29 19:05:39,981 - [line:319] - DEBUG: wwwzdqh.com
2022-04-29 19:05:39,981 - [line:319] - DEBUG: www433012com.cn
2022-04-29 19:05:39,981 - [line:319] - DEBUG: www669853com.cn
2022-04-29 19:05:39,982 - [line:319] - DEBUG: sesehe.cn
2022-04-29 19:05:39,982 - [line:319] - DEBUG: ttphotographyuk.com
2022-04-29 19:05:39,982 - [line:319] - DEBUG: 186pai.com
2022-04-29 19:05:39,982 - [line:319] - DEBUG: shuidiannet.cn
2022-04-29 19:05:40,616 - [line:319] - DEBUG: richanqiche.cn
2022-04-29 19:05:40,616 - [line:319] - DEBUG: wwLw.net
2022-04-29 19:05:40,616 - [line:319] - DEBUG: chanLia.cn
2022-04-29 19:05:40,617 - [line:319] - DEBUG: Liyve.cn
2022-04-29 19:05:40,617 - [line:319] - DEBUG: www-ppc.com
2022-04-29 19:05:40,617 - [line:319] - DEBUG: mywwwed.com
2022-04-29 19:05:40,617 - [line:319] - DEBUG: mshijia.cn
2022-04-29 19:05:40,617 - [line:319] - DEBUG: benpaoge.cn
2022-04-29 19:05:40,618 - [line:319] - DEBUG: wwwm1688.com
2022-04-29 19:05:40,618 - [line:319] - DEBUG: pqvod.com
2022-04-29 19:05:40,618 - [line:319] - DEBUG: yaxiaosuanna.cn
2022-04-29 19:05:40,618 - [line:319] - DEBUG: xiaoyichu.cn
2022-04-29 19:05:40,618 - [line:319] - DEBUG: httpservices.cn
2022-04-29 19:05:40,619 - [line:319] - DEBUG: gpoogLe.cn
2022-04-29 19:05:40,619 - [line:319] - DEBUG: www-industry.com
2022-04-29 19:05:40,619 - [line:319] - DEBUG: hezhihua.cn
2022-04-29 19:05:40,619 - [line:319] - DEBUG: xingyongpin.net
2022-04-29 19:05:40,619 - [line:319] - DEBUG: ourcome.cn
2022-04-29 19:05:40,619 - [line:319] - DEBUG: zhuaishang.cn
2022-04-29 19:05:40,620 - [line:319] - DEBUG: pisa4u.cn
2022-04-29 19:05:40,620 - [line:319] - DEBUG: zhuankenet.cn
2022-04-29 19:05:40,620 - [line:319] - DEBUG: shanghaijiayi.cn
2022-04-29 19:05:40,620 - [line:319] - DEBUG: cnc-com.cn
2022-04-29 19:05:40,620 - [line:319] - DEBUG: hangdia.cn
2022-04-29 19:05:40,621 - [line:319] - DEBUG: yidongtai.cn
2022-04-29 19:05:40,621 - [line:319] - DEBUG: wwwcngames.cn
2022-04-29 19:05:40,621 - [line:319] - DEBUG: yixianka.cn
2022-04-29 19:05:40,621 - [line:319] - DEBUG: wwwgLass.cn
2022-04-29 19:05:40,621 - [line:319] - DEBUG: fonternet.com
2022-04-29 19:05:40,621 - [line:319] - DEBUG: www7seo.com
2022-04-29 19:05:40,622 - [line:319] - DEBUG: satcoma.cn
2022-04-29 19:05:40,622 - [line:319] - DEBUG: wwwfaiLs.com
2022-04-29 19:05:40,622 - [line:319] - DEBUG: niuzhuai.cn
2022-04-29 19:05:40,622 - [line:319] - DEBUG: quanLizhiye.cn
2022-04-29 19:05:40,622 - [line:319] - DEBUG: zhoure.cn
2022-04-29 19:05:40,623 - [line:319] - DEBUG: moneynet8.cn
2022-04-29 19:05:40,623 - [line:319] - DEBUG: wwwtopLife.com
2022-04-29 19:05:40,623 - [line:319] - DEBUG: wwwzp.com.cn
2022-04-29 19:05:40,623 - [line:319] - DEBUG: wqw668.com
2022-04-29 19:05:40,623 - [line:319] - DEBUG: wowcomm.cn
2022-04-29 19:05:40,624 - [line:319] - DEBUG: fqwwwsy.cn
2022-04-29 19:05:40,624 - [line:319] - DEBUG: Longyanghuayuan.cn
2022-04-29 19:05:40,624 - [line:319] - DEBUG: yinengjing.org
2022-04-29 19:05:40,624 - [line:319] - DEBUG: dangguo.top
2022-04-29 19:05:40,624 - [line:319] - DEBUG: marenba.cn
2022-04-29 19:05:40,624 - [line:319] - DEBUG: pdacom.cn
2022-04-29 19:05:40,625 - [line:319] - DEBUG: yunzs.cn
2022-04-29 19:05:40,625 - [line:319] - DEBUG: 880com.cn
2022-04-29 19:05:40,625 - [line:319] - DEBUG: thaicomm.cn
2022-04-29 19:05:40,625 - [line:319] - DEBUG: chenxingya.cn
2022-04-29 19:05:40,810 - [line:319] - DEBUG: mattpavoLka.com
2022-04-29 19:05:40,810 - [line:319] - DEBUG: www55dadacom.cn
2022-04-29 19:05:40,811 - [line:319] - DEBUG: www55nana.com
2022-04-29 19:05:40,811 - [line:319] - DEBUG: 131h.com
2022-04-29 19:05:40,811 - [line:319] - DEBUG: saoup.com
2022-04-29 19:05:40,811 - [line:319] - DEBUG: woai00com.cn
2022-04-29 19:05:40,811 - [line:319] - DEBUG: nnver.com
2022-04-29 19:05:40,811 - [line:319] - DEBUG: wvvw49419.com
2022-04-29 19:05:40,812 - [line:319] - DEBUG: ttpwhpzpe.cn
2022-04-29 19:05:40,812 - [line:319] - DEBUG: wwwswww.com
2022-04-29 19:05:40,812 - [line:319] - DEBUG: www55s.com
2022-04-29 19:05:40,812 - [line:319] - DEBUG: 0708com.cn
2022-04-29 19:05:40,812 - [line:319] - DEBUG: astoria7hoteLsansebastian.com
2022-04-29 19:05:40,812 - [line:319] - DEBUG: www-tattoo.net
2022-04-29 19:05:40,813 - [line:319] - DEBUG: ibeeg.com
2022-04-29 19:05:40,813 - [line:319] - DEBUG: westcottphoto.com
2022-04-29 19:05:40,813 - [line:319] - DEBUG: 7x24com.cn
2022-04-29 19:05:40,813 - [line:319] - DEBUG: www48822com.cn
2022-04-29 19:05:40,813 - [line:319] - DEBUG: inycom.cn
2022-04-29 19:05:40,813 - [line:319] - DEBUG: jintannet.cn
2022-04-29 19:05:40,814 - [line:319] - DEBUG: abateLecom.cn
2022-04-29 19:05:40,814 - [line:319] - DEBUG: xsLxx.com
2022-04-29 19:05:40,814 - [line:319] - DEBUG: www14377com.cn
2022-04-29 19:05:40,814 - [line:319] - DEBUG: www67810com.cn
2022-04-29 19:05:40,814 - [line:319] - DEBUG: www767608.com
2022-04-29 19:05:40,815 - [line:319] - DEBUG: jinzhounet.cn
2022-04-29 19:05:40,815 - [line:319] - DEBUG: wwwcavt.com
2022-04-29 19:05:40,815 - [line:319] - DEBUG: wwwfefe77com.cn
2022-04-29 19:05:40,815 - [line:319] - DEBUG: wwwcafepresscom.com
2022-04-29 19:05:40,815 - [line:319] - DEBUG: wfdinfocom.cn
2022-04-29 19:05:40,816 - [line:319] - DEBUG: 1qqcom.cn
2022-04-29 19:05:40,816 - [line:319] - DEBUG: videoconferencingnet.cn
2022-04-29 19:05:40,816 - [line:319] - DEBUG: wwweheaLthinsurance.com
2022-04-29 19:05:40,816 - [line:319] - DEBUG: wwwejobmart.cn
2022-04-29 19:05:40,816 - [line:319] - DEBUG: adanni.com
2022-04-29 19:05:40,817 - [line:319] - DEBUG: xj306628288com.cn
2022-04-29 19:05:40,817 - [line:319] - DEBUG: jcadr.cn
2022-04-29 19:05:40,817 - [line:319] - DEBUG: spgcomm.cn
2022-04-29 19:05:40,817 - [line:319] - DEBUG: suyiming.vip
2022-04-29 19:05:40,818 - [line:319] - DEBUG: wwwcapgemini.com.cn
2022-04-29 19:05:40,818 - [line:319] - DEBUG: www6672yycom.cn
2022-04-29 19:05:40,818 - [line:319] - DEBUG: interusc.com
2022-04-29 19:05:40,818 - [line:319] - DEBUG: www85177130com.cn
2022-04-29 19:05:40,818 - [line:319] - DEBUG: 0342com.cn
2022-04-29 19:05:40,818 - [line:319] - DEBUG: barrettpumpstop.com
2022-04-29 19:05:40,819 - [line:319] - DEBUG: wwwpoppen.com
2022-04-29 19:05:40,819 - [line:319] - DEBUG: wwwck6h.com
2022-04-29 19:05:40,819 - [line:319] - DEBUG: shouzhuonet.cn
2022-04-29 19:05:40,819 - [line:319] - DEBUG: wwwcaojianmj.cn
2022-04-29 19:05:40,820 - [line:319] - DEBUG: fLowwwconcept.com
2022-04-29 19:05:41,448 - [line:462] - DEBUG: 域名没有变化  继续监听 当前总数量：166
2022-04-29 19:05:42,193 - [line:514] - INFO: 剩余任务:149  域名开始对比：ccnetc.cn
2022-04-29 19:05:42,193 - [line:514] - INFO: 剩余任务:148  域名开始对比：sancomo.cn
2022-04-29 19:05:42,193 - [line:514] - INFO: 剩余任务:147  域名开始对比：suoninet.cn
2022-04-29 19:05:42,193 - [line:514] - INFO: 剩余任务:146  域名开始对比：qinghuanet.cn
2022-04-29 19:05:42,193 - [line:514] - INFO: 剩余任务:145  域名开始对比：wwwcash45.com
2022-04-29 19:05:42,193 - [line:514] - INFO: 剩余任务:144  域名开始对比：ww26uuucomw.cn
2022-04-29 19:05:42,210 - [line:514] - INFO: 剩余任务:143  域名开始对比：www320pao.com
2022-04-29 19:05:42,210 - [line:514] - INFO: 剩余任务:142  域名开始对比：768ppcom.cn
2022-04-29 19:05:42,211 - [line:514] - INFO: 剩余任务:141  域名开始对比：wwwxiao33com.cn
2022-04-29 19:05:42,211 - [line:514] - INFO: 剩余任务:140  域名开始对比：suangui.cn
2022-04-29 19:05:42,211 - [line:514] - INFO: 剩余任务:139  域名开始对比：168tubecom.cn
2022-04-29 19:05:42,211 - [line:514] - INFO: 剩余任务:138  域名开始对比：zhouzhiya.cn
2022-04-29 19:05:42,211 - [line:514] - INFO: 剩余任务:137  域名开始对比：jjj32com.cn
2022-04-29 19:05:42,211 - [line:514] - INFO: 剩余任务:136  域名开始对比：wwwLeshare.com
2022-04-29 19:05:42,211 - [line:514] - INFO: 剩余任务:135  域名开始对比：8www00000.cn
2022-04-29 19:05:42,211 - [line:514] - INFO: 剩余任务:134  域名开始对比：wwwvshare.com
2022-04-29 19:05:42,211 - [line:514] - INFO: 剩余任务:133  域名开始对比：sacee.cn
2022-04-29 19:05:42,211 - [line:514] - INFO: 剩余任务:132  域名开始对比：pu980com.cn
2022-04-29 19:05:42,211 - [line:514] - INFO: 剩余任务:131  域名开始对比：www-myinstantoffer.com
2022-04-29 19:05:42,212 - [line:514] - INFO: 剩余任务:130  域名开始对比：hongfengLing.cn
2022-04-29 19:05:42,212 - [line:514] - INFO: 剩余任务:129  域名开始对比：heijingu.cn
2022-04-29 19:05:42,258 - [line:514] - INFO: 剩余任务:128  域名开始对比：nyeducom.cn
2022-04-29 19:05:42,259 - [line:514] - INFO: 剩余任务:127  域名开始对比：tiankongLu.cn
2022-04-29 19:05:42,260 - [line:514] - INFO: 剩余任务:126  域名开始对比：dreamwwwstudio.com
2022-04-29 19:05:42,260 - [line:514] - INFO: 剩余任务:125  域名开始对比：pLunkettproductions.com
2022-04-29 19:05:42,260 - [line:514] - INFO: 剩余任务:124  域名开始对比：wwwdLpLcd.com.cn
2022-04-29 19:05:42,260 - [line:514] - INFO: 剩余任务:123  域名开始对比：madgettproperties.com
2022-04-29 19:05:42,263 - [line:514] - INFO: 剩余任务:122  域名开始对比：sesehy.com
2022-04-29 19:05:42,273 - [line:514] - INFO: 剩余任务:121  域名开始对比：789LLc.com
2022-04-29 19:05:42,273 - [line:514] - INFO: 剩余任务:120  域名开始对比：jiecom.cn
2022-04-29 19:05:42,274 - [line:514] - INFO: 剩余任务:119  域名开始对比：3456nucom.cn
2022-04-29 19:05:42,274 - [line:514] - INFO: 剩余任务:118  域名开始对比：fck369.com
2022-04-29 19:05:42,274 - [line:514] - INFO: 剩余任务:117  域名开始对比：www192345com.cn
2022-04-29 19:05:42,274 - [line:514] - INFO: 剩余任务:116  域名开始对比：brittpaLema.com
2022-04-29 19:05:42,290 - [line:514] - INFO: 剩余任务:115  域名开始对比：www-185147-com.cn
2022-04-29 19:05:42,290 - [line:514] - INFO: 剩余任务:114  域名开始对比：badai.top
2022-04-29 19:05:42,290 - [line:514] - INFO: 剩余任务:113  域名开始对比：www03039com.cn
2022-04-29 19:05:42,290 - [line:514] - INFO: 剩余任务:112  域名开始对比：www2016mtc.cn
2022-04-29 19:05:42,290 - [line:514] - INFO: 剩余任务:111  域名开始对比：www75107860731.cn
2022-04-29 19:05:42,291 - [line:514] - INFO: 剩余任务:110  域名开始对比：ttpf99.com
2022-04-29 19:05:42,291 - [line:514] - INFO: 剩余任务:109  域名开始对比：www599199com.cn
2022-04-29 19:05:42,293 - [line:514] - INFO: 剩余任务:108  域名开始对比：www4273com.cn
2022-04-29 19:05:42,370 - [line:514] - INFO: 剩余任务:107  域名开始对比：wwwLpfcom.cn
2022-04-29 19:05:42,370 - [line:514] - INFO: 剩余任务:106  域名开始对比：wwwzdqh.com
2022-04-29 19:05:42,370 - [line:514] - INFO: 剩余任务:105  域名开始对比：www433012com.cn
2022-04-29 19:05:42,370 - [line:514] - INFO: 剩余任务:104  域名开始对比：www669853com.cn
2022-04-29 19:05:42,370 - [line:514] - INFO: 剩余任务:103  域名开始对比：sesehe.cn
2022-04-29 19:05:42,370 - [line:514] - INFO: 剩余任务:102  域名开始对比：ttphotographyuk.com
2022-04-29 19:05:42,401 - [line:514] - INFO: 剩余任务:101  域名开始对比：186pai.com
2022-04-29 19:05:42,401 - [line:514] - INFO: 剩余任务:100  域名开始对比：shuidiannet.cn
2022-04-29 19:05:42,401 - [line:514] - INFO: 剩余任务:99  域名开始对比：richanqiche.cn
2022-04-29 19:05:42,401 - [line:514] - INFO: 剩余任务:98  域名开始对比：wwLw.net
2022-04-29 19:05:42,401 - [line:514] - INFO: 剩余任务:97  域名开始对比：chanLia.cn
2022-04-29 19:05:42,401 - [line:514] - INFO: 剩余任务:96  域名开始对比：Liyve.cn
2022-04-29 19:05:42,401 - [line:514] - INFO: 剩余任务:95  域名开始对比：www-ppc.com
2022-04-29 19:05:42,401 - [line:514] - INFO: 剩余任务:94  域名开始对比：mywwwed.com
2022-04-29 19:05:42,402 - [line:514] - INFO: 剩余任务:93  域名开始对比：mshijia.cn
2022-04-29 19:05:42,402 - [line:514] - INFO: 剩余任务:92  域名开始对比：benpaoge.cn
2022-04-29 19:05:42,402 - [line:514] - INFO: 剩余任务:91  域名开始对比：wwwm1688.com
2022-04-29 19:05:42,402 - [line:514] - INFO: 剩余任务:90  域名开始对比：pqvod.com
2022-04-29 19:05:42,402 - [line:514] - INFO: 剩余任务:89  域名开始对比：yaxiaosuanna.cn
2022-04-29 19:05:42,402 - [line:514] - INFO: 剩余任务:88  域名开始对比：xiaoyichu.cn
2022-04-29 19:05:42,402 - [line:514] - INFO: 剩余任务:87  域名开始对比：httpservices.cn
2022-04-29 19:05:42,540 - [line:514] - INFO: 剩余任务:86  域名开始对比：gpoogLe.cn
2022-04-29 19:05:42,556 - [line:514] - INFO: 剩余任务:85  域名开始对比：www-industry.com
2022-04-29 19:05:42,556 - [line:514] - INFO: 剩余任务:84  域名开始对比：hezhihua.cn
2022-04-29 19:05:42,557 - [line:514] - INFO: 剩余任务:83  域名开始对比：xingyongpin.net
2022-04-29 19:05:42,557 - [line:514] - INFO: 剩余任务:82  域名开始对比：ourcome.cn
2022-04-29 19:05:42,557 - [line:514] - INFO: 剩余任务:81  域名开始对比：zhuaishang.cn
2022-04-29 19:05:42,557 - [line:514] - INFO: 剩余任务:80  域名开始对比：pisa4u.cn
2022-04-29 19:05:42,557 - [line:514] - INFO: 剩余任务:79  域名开始对比：zhuankenet.cn
2022-04-29 19:05:42,557 - [line:514] - INFO: 剩余任务:78  域名开始对比：shanghaijiayi.cn
2022-04-29 19:05:42,557 - [line:514] - INFO: 剩余任务:77  域名开始对比：cnc-com.cn
2022-04-29 19:05:42,557 - [line:514] - INFO: 剩余任务:76  域名开始对比：hangdia.cn
2022-04-29 19:05:42,557 - [line:514] - INFO: 剩余任务:75  域名开始对比：yidongtai.cn
2022-04-29 19:05:42,557 - [line:514] - INFO: 剩余任务:74  域名开始对比：wwwcngames.cn
2022-04-29 19:05:42,557 - [line:514] - INFO: 剩余任务:73  域名开始对比：yixianka.cn
2022-04-29 19:05:42,557 - [line:514] - INFO: 剩余任务:72  域名开始对比：wwwgLass.cn
2022-04-29 19:05:42,573 - [line:514] - INFO: 剩余任务:71  域名开始对比：fonternet.com
2022-04-29 19:05:42,573 - [line:514] - INFO: 剩余任务:70  域名开始对比：www7seo.com
2022-04-29 19:05:42,573 - [line:514] - INFO: 剩余任务:69  域名开始对比：satcoma.cn
2022-04-29 19:05:42,573 - [line:514] - INFO: 剩余任务:68  域名开始对比：wwwfaiLs.com
2022-04-29 19:05:42,573 - [line:514] - INFO: 剩余任务:67  域名开始对比：niuzhuai.cn
2022-04-29 19:05:42,573 - [line:514] - INFO: 剩余任务:66  域名开始对比：quanLizhiye.cn
2022-04-29 19:05:42,667 - [line:514] - INFO: 剩余任务:65  域名开始对比：zhoure.cn
2022-04-29 19:05:42,667 - [line:514] - INFO: 剩余任务:64  域名开始对比：moneynet8.cn
2022-04-29 19:05:42,667 - [line:514] - INFO: 剩余任务:63  域名开始对比：wwwtopLife.com
2022-04-29 19:05:42,667 - [line:514] - INFO: 剩余任务:62  域名开始对比：wwwzp.com.cn
2022-04-29 19:05:42,667 - [line:514] - INFO: 剩余任务:61  域名开始对比：wqw668.com
2022-04-29 19:05:42,667 - [line:514] - INFO: 剩余任务:60  域名开始对比：wowcomm.cn
2022-04-29 19:05:42,667 - [line:514] - INFO: 剩余任务:59  域名开始对比：fqwwwsy.cn
2022-04-29 19:05:42,668 - [line:514] - INFO: 剩余任务:58  域名开始对比：Longyanghuayuan.cn
2022-04-29 19:05:42,668 - [line:514] - INFO: 剩余任务:57  域名开始对比：yinengjing.org
2022-04-29 19:05:42,668 - [line:514] - INFO: 剩余任务:56  域名开始对比：dangguo.top
2022-04-29 19:05:42,668 - [line:514] - INFO: 剩余任务:55  域名开始对比：marenba.cn
2022-04-29 19:05:42,668 - [line:514] - INFO: 剩余任务:54  域名开始对比：pdacom.cn
2022-04-29 19:05:42,668 - [line:514] - INFO: 剩余任务:53  域名开始对比：yunzs.cn
2022-04-29 19:05:42,668 - [line:514] - INFO: 剩余任务:52  域名开始对比：880com.cn
2022-04-29 19:05:42,684 - [line:514] - INFO: 剩余任务:51  域名开始对比：thaicomm.cn
2022-04-29 19:05:42,684 - [line:514] - INFO: 剩余任务:50  域名开始对比：chenxingya.cn
2022-04-29 19:05:42,684 - [line:514] - INFO: 剩余任务:49  域名开始对比：mattpavoLka.com
2022-04-29 19:05:42,684 - [line:514] - INFO: 剩余任务:48  域名开始对比：www55dadacom.cn
2022-04-29 19:05:42,715 - [line:514] - INFO: 剩余任务:47  域名开始对比：www55nana.com
2022-04-29 19:05:42,715 - [line:514] - INFO: 剩余任务:46  域名开始对比：131h.com
2022-04-29 19:05:42,716 - [line:514] - INFO: 剩余任务:45  域名开始对比：saoup.com
2022-04-29 19:05:42,792 - [line:514] - INFO: 剩余任务:44  域名开始对比：woai00com.cn
2022-04-29 19:05:42,792 - [line:514] - INFO: 剩余任务:43  域名开始对比：nnver.com
2022-04-29 19:05:42,792 - [line:514] - INFO: 剩余任务:42  域名开始对比：wvvw49419.com
2022-04-29 19:05:42,792 - [line:514] - INFO: 剩余任务:41  域名开始对比：ttpwhpzpe.cn
2022-04-29 19:05:42,792 - [line:514] - INFO: 剩余任务:40  域名开始对比：wwwswww.com
2022-04-29 19:05:42,793 - [line:514] - INFO: 剩余任务:39  域名开始对比：www55s.com
2022-04-29 19:05:42,808 - [line:514] - INFO: 剩余任务:38  域名开始对比：0708com.cn
2022-04-29 19:05:42,812 - [line:514] - INFO: 剩余任务:37  域名开始对比：astoria7hoteLsansebastian.com
2022-04-29 19:05:42,825 - [line:514] - INFO: 剩余任务:36  域名开始对比：www-tattoo.net
2022-04-29 19:05:42,869 - [line:514] - INFO: 剩余任务:35  域名开始对比：ibeeg.com
2022-04-29 19:05:42,869 - [line:514] - INFO: 剩余任务:34  域名开始对比：westcottphoto.com
2022-04-29 19:05:42,869 - [line:514] - INFO: 剩余任务:33  域名开始对比：7x24com.cn
2022-04-29 19:05:42,869 - [line:514] - INFO: 剩余任务:32  域名开始对比：www48822com.cn
2022-04-29 19:05:42,870 - [line:514] - INFO: 剩余任务:31  域名开始对比：inycom.cn
2022-04-29 19:05:42,871 - [line:514] - INFO: 剩余任务:30  域名开始对比：jintannet.cn
2022-04-29 19:05:42,871 - [line:514] - INFO: 剩余任务:29  域名开始对比：abateLecom.cn
2022-04-29 19:05:42,871 - [line:514] - INFO: 剩余任务:28  域名开始对比：xsLxx.com
2022-04-29 19:05:42,871 - [line:514] - INFO: 剩余任务:27  域名开始对比：www14377com.cn
2022-04-29 19:05:42,871 - [line:514] - INFO: 剩余任务:26  域名开始对比：www67810com.cn
2022-04-29 19:05:42,871 - [line:514] - INFO: 剩余任务:25  域名开始对比：www767608.com
2022-04-29 19:05:42,871 - [line:514] - INFO: 剩余任务:24  域名开始对比：jinzhounet.cn
2022-04-29 19:05:42,918 - [line:514] - INFO: 剩余任务:23  域名开始对比：wwwcavt.com
2022-04-29 19:05:42,918 - [line:514] - INFO: 剩余任务:22  域名开始对比：wwwfefe77com.cn
2022-04-29 19:05:42,918 - [line:514] - INFO: 剩余任务:21  域名开始对比：wwwcafepresscom.com
2022-04-29 19:05:42,933 - [line:514] - INFO: 剩余任务:20  域名开始对比：wfdinfocom.cn
2022-04-29 19:05:42,935 - [line:514] - INFO: 剩余任务:19  域名开始对比：1qqcom.cn
2022-04-29 19:05:42,950 - [line:514] - INFO: 剩余任务:18  域名开始对比：videoconferencingnet.cn
2022-04-29 19:05:42,950 - [line:514] - INFO: 剩余任务:17  域名开始对比：wwweheaLthinsurance.com
2022-04-29 19:05:42,950 - [line:514] - INFO: 剩余任务:16  域名开始对比：wwwejobmart.cn
2022-04-29 19:05:42,950 - [line:514] - INFO: 剩余任务:15  域名开始对比：adanni.com
2022-04-29 19:05:42,950 - [line:514] - INFO: 剩余任务:14  域名开始对比：xj306628288com.cn
2022-04-29 19:05:42,950 - [line:514] - INFO: 剩余任务:13  域名开始对比：jcadr.cn
2022-04-29 19:05:42,950 - [line:514] - INFO: 剩余任务:12  域名开始对比：spgcomm.cn
2022-04-29 19:05:42,950 - [line:514] - INFO: 剩余任务:11  域名开始对比：suyiming.vip
2022-04-29 19:05:42,950 - [line:514] - INFO: 剩余任务:10  域名开始对比：wwwcapgemini.com.cn
2022-04-29 19:05:42,950 - [line:514] - INFO: 剩余任务:9  域名开始对比：www6672yycom.cn
2022-04-29 19:05:42,950 - [line:514] - INFO: 剩余任务:8  域名开始对比：interusc.com
2022-04-29 19:05:42,951 - [line:514] - INFO: 剩余任务:7  域名开始对比：www85177130com.cn
2022-04-29 19:05:42,951 - [line:514] - INFO: 剩余任务:6  域名开始对比：0342com.cn
2022-04-29 19:05:42,951 - [line:514] - INFO: 剩余任务:5  域名开始对比：barrettpumpstop.com
2022-04-29 19:05:42,951 - [line:514] - INFO: 剩余任务:4  域名开始对比：wwwpoppen.com
2022-04-29 19:05:42,964 - [line:514] - INFO: 剩余任务:3  域名开始对比：wwwck6h.com
2022-04-29 19:05:43,010 - [line:514] - INFO: 剩余任务:2  域名开始对比：shouzhuonet.cn
2022-04-29 19:05:43,027 - [line:514] - INFO: 剩余任务:1  域名开始对比：wwwcaojianmj.cn
2022-04-29 19:05:43,027 - [line:514] - INFO: 剩余任务:0  域名开始对比：fLowwwconcept.com
2022-04-29 19:06:42,335 - [line:462] - DEBUG: 域名没有变化  继续监听 当前总数量：166
2022-04-29 19:07:42,958 - [line:462] - DEBUG: 域名没有变化  继续监听 当前总数量：166
2022-04-29 19:08:28,735 - [line:558] - DEBUG: 启动
2022-04-29 19:08:30,036 - [line:612] - DEBUG: 开始任务
2022-04-29 19:08:30,040 - [line:47] - DEBUG: 参数为：qian_2=350&qiangjc=1&sgsl_1=5000&psize=500&
2022-04-29 19:08:32,194 - [line:467] - DEBUG: 本次共查询出166条记录
2022-04-29 19:08:32,198 - [line:288] - DEBUG: 本次共查询出166条记录  共0页
2022-04-29 19:08:33,086 - [line:462] - DEBUG: 域名没有变化  继续监听 当前总数量：166
2022-04-29 19:09:57,612 - [line:558] - DEBUG: 启动
2022-04-29 19:09:58,832 - [line:612] - DEBUG: 开始任务
2022-04-29 19:09:58,834 - [line:47] - DEBUG: 参数为：qian_2=350&qiangjc=1&sgsl_1=5000&psize=500&
2022-04-29 19:10:07,491 - [line:467] - DEBUG: 本次共查询出166条记录
2022-04-29 19:10:20,041 - [line:288] - DEBUG: 本次共查询出166条记录  共0页
